Log file open, 04/03/21 15:09:08
LogInit: Display: Running engine for game: transfert
LogPlatformFile: Not using cached read wrapper
LogTaskGraph: Started task graph with 5 named threads and 23 total threads with 3 sets of task threads.
LogStats: Stats thread started at 0.177550
LogD3D11RHI: Loaded GFSDK_Aftermath_Lib.x64.dll
LogICUInternationalization: ICU TimeZone Detection - Raw Offset: +1:00, Platform Override: ''
LogPluginManager: Mounting plugin Paper2D
LogPluginManager: Mounting plugin AISupport
LogPluginManager: Mounting plugin LightPropagationVolume
LogPluginManager: Mounting plugin CameraShakePreviewer
LogPluginManager: Mounting plugin ActorLayerUtilities
LogPluginManager: Mounting plugin AnimationSharing
LogPluginManager: Mounting plugin CLionSourceCodeAccess
LogPluginManager: Mounting plugin CodeLiteSourceCodeAccess
LogPluginManager: Mounting plugin GitSourceControl
LogPluginManager: Mounting plugin KDevelopSourceCodeAccess
LogPluginManager: Mounting plugin NullSourceCodeAccess
LogPluginManager: Mounting plugin PerforceSourceControl
LogPluginManager: Mounting plugin PlasticSourceControl
LogPluginManager: Mounting plugin RiderSourceCodeAccess
LogPluginManager: Mounting plugin SubversionSourceControl
LogPluginManager: Mounting plugin UObjectPlugin
LogPluginManager: Mounting plugin VisualStudioCodeSourceCodeAccess
LogPluginManager: Mounting plugin VisualStudioSourceCodeAccess
LogPluginManager: Mounting plugin XCodeSourceCodeAccess
LogPluginManager: Mounting plugin AssetManagerEditor
LogPluginManager: Mounting plugin CryptoKeys
LogPluginManager: Mounting plugin CurveEditorTools
LogPluginManager: Mounting plugin DataValidation
LogPluginManager: Mounting plugin EditorScriptingUtilities
LogPluginManager: Mounting plugin FacialAnimation
LogPluginManager: Mounting plugin GameplayTagsEditor
LogPluginManager: Mounting plugin GeometryMode
LogPluginManager: Mounting plugin MacGraphicsSwitching
LogPluginManager: Mounting plugin MaterialAnalyzer
LogPluginManager: Mounting plugin MobileLauncherProfileWizard
LogPluginManager: Mounting plugin PluginBrowser
LogPluginManager: Mounting plugin SpeedTreeImporter
LogPluginManager: Mounting plugin DatasmithContent
LogPluginManager: Mounting plugin VariantManagerContent
LogPluginManager: Mounting plugin AlembicImporter
LogPluginManager: Mounting plugin AutomationUtils
LogPluginManager: Mounting plugin BackChannel
LogPluginManager: Mounting plugin ChaosCloth
LogPluginManager: Mounting plugin ChaosClothEditor
LogPluginManager: Mounting plugin ChaosEditor
LogPluginManager: Mounting plugin ChaosNiagara
LogPluginManager: Mounting plugin ChaosSolverPlugin
LogPluginManager: Mounting plugin CharacterAI
LogPluginManager: Mounting plugin GeometryCache
LogPluginManager: Mounting plugin GeometryCollectionPlugin
LogPluginManager: Mounting plugin GeometryProcessing
LogPluginManager: Mounting plugin PlanarCut
LogPluginManager: Mounting plugin PlatformCrypto
LogPluginManager: Mounting plugin ProxyLODPlugin
LogPluginManager: Mounting plugin SkeletalReduction
LogPluginManager: Mounting plugin Niagara
LogPluginManager: Mounting plugin MagicLeap
LogPluginManager: Mounting plugin MagicLeapLightEstimation
LogPluginManager: Mounting plugin MagicLeapMedia
LogPluginManager: Mounting plugin MagicLeapPassableWorld
LogPluginManager: Mounting plugin MLSDK
LogPluginManager: Mounting plugin AndroidMedia
LogPluginManager: Mounting plugin AvfMedia
LogPluginManager: Mounting plugin ImgMedia
LogPluginManager: Mounting plugin MediaCompositing
LogPluginManager: Mounting plugin MediaPlayerEditor
LogPluginManager: Mounting plugin WebMMedia
LogPluginManager: Mounting plugin WmfMedia
LogPluginManager: Mounting plugin MeshPainting
LogPluginManager: Mounting plugin TcpMessaging
LogPluginManager: Mounting plugin UdpMessaging
LogPluginManager: Mounting plugin ActorSequence
LogPluginManager: Mounting plugin LevelSequenceEditor
LogPluginManager: Mounting plugin MatineeToLevelSequence
LogPluginManager: Mounting plugin MovieRenderPipeline
LogPluginManager: Mounting plugin TemplateSequence
LogPluginManager: Mounting plugin NetcodeUnitTest
LogPluginManager: Mounting plugin NUTUnrealEngine4
LogPluginManager: Mounting plugin OnlineSubsystemGooglePlay
LogPluginManager: Mounting plugin OnlineSubsystemIOS
LogPluginManager: Mounting plugin OnlineSubsystem
LogPluginManager: Mounting plugin OnlineSubsystemNull
LogPluginManager: Mounting plugin OnlineSubsystemUtils
LogPluginManager: Mounting plugin LauncherChunkInstaller
LogPluginManager: Mounting plugin AndroidDeviceProfileSelector
LogPluginManager: Mounting plugin AndroidMoviePlayer
LogPluginManager: Mounting plugin AndroidPermission
LogPluginManager: Mounting plugin AppleImageUtils
LogPluginManager: Mounting plugin AppleMoviePlayer
LogPluginManager: Mounting plugin ArchVisCharacter
LogPluginManager: Mounting plugin AssetTags
LogPluginManager: Mounting plugin AudioCapture
LogPluginManager: Mounting plugin CableComponent
LogPluginManager: Mounting plugin CustomMeshComponent
LogPluginManager: Mounting plugin EditableMesh
LogPluginManager: Mounting plugin ExampleDeviceProfileSelector
LogPluginManager: Mounting plugin GoogleCloudMessaging
LogPluginManager: Mounting plugin GooglePAD
LogPluginManager: Mounting plugin IOSDeviceProfileSelector
LogPluginManager: Mounting plugin LinuxDeviceProfileSelector
LogPluginManager: Mounting plugin LocationServicesBPLibrary
LogPluginManager: Mounting plugin MobilePatchingUtils
LogPluginManager: Mounting plugin OculusVR
LogPluginManager: Mounting plugin PhysXVehicles
LogPluginManager: Mounting plugin PostSplashScreen
LogPluginManager: Mounting plugin ProceduralMeshComponent
LogPluginManager: Mounting plugin RuntimePhysXCooking
LogPluginManager: Mounting plugin SignificanceManager
LogPluginManager: Mounting plugin SoundFields
LogPluginManager: Mounting plugin SteamVR
LogPluginManager: Mounting plugin Synthesis
LogPluginManager: Mounting plugin WebMMoviePlayer
LogPluginManager: Mounting plugin WindowsMoviePlayer
LogPluginManager: Mounting plugin ScreenshotTools
LogInit: Using libcurl 7.55.1-DEV
LogInit:  - built for x86_64-pc-win32
LogInit:  - supports SSL with OpenSSL/1.1.1
LogInit:  - supports HTTP deflate (compression) using libz 1.2.8
LogInit:  - other features:
LogInit:      CURL_VERSION_SSL
LogInit:      CURL_VERSION_LIBZ
LogInit:      CURL_VERSION_IPV6
LogInit:      CURL_VERSION_ASYNCHDNS
LogInit:      CURL_VERSION_LARGEFILE
LogInit:      CURL_VERSION_IDN
LogInit:  CurlRequestOptions (configurable via config and command line):
LogInit:  - bVerifyPeer = true  - Libcurl will verify peer certificate
LogInit:  - bUseHttpProxy = false  - Libcurl will NOT use HTTP proxy
LogInit:  - bDontReuseConnections = false  - Libcurl will reuse connections
LogInit:  - MaxHostConnections = 16  - Libcurl will limit the number of connections to a host
LogInit:  - LocalHostAddr = Default
LogInit:  - BufferSize = 65536
LogOnline: OSS: Creating online subsystem instance for: NULL
LogInit: WinSock: version 1.1 (2.2), MaxSocks=32767, MaxUdp=65467
LogOnline: OSS: TryLoadSubsystemAndSetDefault: Loaded subsystem for module [NULL]
LogInit: Build: ++UE4+Release-4.25-CL-13908680
LogInit: Engine Version: 4.25.2-13908680+++UE4+Release-4.25
LogInit: Compatible Engine Version: 4.25.0-13144385+++UE4+Release-4.25
LogInit: Net CL: 13144385
LogInit: OS: Windows 10 (Release 2009) (), CPU: Intel(R) Core(TM) i7-7700K CPU @ 4.20GHz, GPU: NVIDIA GeForce GTX 1080
LogInit: Compiled (64-bit): Jul 22 2020 02:11:51
LogInit: Compiled with Visual C++: 19.24.28315.00
LogInit: Build Configuration: Development
LogInit: Branch Name: ++UE4+Release-4.25
LogInit: Command Line: 
LogInit: Base Directory: C:/Program Files/Epic Games/UE_4.25/Engine/Binaries/Win64/
LogInit: Allocator: TBB
LogInit: Installed Engine Build: 1
LogDevObjectVersion: Number of dev versions registered: 26
LogDevObjectVersion:   Dev-Blueprints (B0D832E4-1F89-4F0D-ACCF-7EB736FD4AA2): 10
LogDevObjectVersion:   Dev-Build (E1C64328-A22C-4D53-A36C-8E866417BD8C): 0
LogDevObjectVersion:   Dev-Core (375EC13C-06E4-48FB-B500-84F0262A717E): 4
LogDevObjectVersion:   Dev-Editor (E4B068ED-F494-42E9-A231-DA0B2E46BB41): 38
LogDevObjectVersion:   Dev-Framework (CFFC743F-43B0-4480-9391-14DF171D2073): 37
LogDevObjectVersion:   Dev-Mobile (B02B49B5-BB20-44E9-A304-32B752E40360): 2
LogDevObjectVersion:   Dev-Networking (A4E4105C-59A1-49B5-A7C5-40C4547EDFEE): 0
LogDevObjectVersion:   Dev-Online (39C831C9-5AE6-47DC-9A44-9C173E1C8E7C): 0
LogDevObjectVersion:   Dev-Physics (78F01B33-EBEA-4F98-B9B4-84EACCB95AA2): 4
LogDevObjectVersion:   Dev-Platform (6631380F-2D4D-43E0-8009-CF276956A95A): 0
LogDevObjectVersion:   Dev-Rendering (12F88B9F-8875-4AFC-A67C-D90C383ABD29): 43
LogDevObjectVersion:   Dev-Sequencer (7B5AE74C-D270-4C10-A958-57980B212A5A): 12
LogDevObjectVersion:   Dev-VR (D7296918-1DD6-4BDD-9DE2-64A83CC13884): 3
LogDevObjectVersion:   Dev-LoadTimes (C2A15278-BFE7-4AFE-6C17-90FF531DF755): 1
LogDevObjectVersion:   Private-Geometry (6EACA3D4-40EC-4CC1-B786-8BED09428FC5): 3
LogDevObjectVersion:   Dev-AnimPhys (29E575DD-E0A3-4627-9D10-D276232CDCEA): 17
LogDevObjectVersion:   Dev-Anim (AF43A65D-7FD3-4947-9873-3E8ED9C1BB05): 7
LogDevObjectVersion:   Dev-ReflectionCapture (6B266CEC-1EC7-4B8F-A30B-E4D90942FC07): 1
LogDevObjectVersion:   Dev-Automation (0DF73D61-A23F-47EA-B727-89E90C41499A): 1
LogDevObjectVersion:   FortniteMain (601D1886-AC64-4F84-AA16-D3DE0DEAC7D6): 31
LogDevObjectVersion:   Dev-Enterprise (9DFFBCD6-494F-0158-E221-12823C92A888): 10
LogDevObjectVersion:   Dev-Niagara (F2AED0AC-9AFE-416F-8664-AA7FFA26D6FC): 1
LogDevObjectVersion:   Dev-Destruction (174F1F0B-B4C6-45A5-B13F-2EE8D0FB917D): 10
LogDevObjectVersion:   Dev-Physics-Ext (35F94A83-E258-406C-A318-09F59610247C): 37
LogDevObjectVersion:   Dev-PhysicsMaterial-Chaos (B68FC16E-8B1B-42E2-B453-215C058844FE): 1
LogDevObjectVersion:   Dev-CineCamera (B2E18506-4273-CFC2-A54E-F4BB758BBA07): 1
LogInit: Presizing for max 25165824 objects, including 0 objects not considered by GC, pre-allocating 0 bytes for permanent pool.
LogConfig: Applying CVar settings from Section [/Script/Engine.StreamingSettings] File [C:/Users/Tom/Desktop/Fordy/test_multi/test_2/transfert/Saved/Config/Windows/Engine.ini]
LogConfig: Setting CVar [[s.MinBulkDataSizeForAsyncLoading:131072]]
LogConfig: Setting CVar [[s.AsyncLoadingThreadEnabled:0]]
LogConfig: Setting CVar [[s.EventDrivenLoaderEnabled:1]]
LogConfig: Setting CVar [[s.WarnIfTimeLimitExceeded:0]]
LogConfig: Setting CVar [[s.TimeLimitExceededMultiplier:1.5]]
LogConfig: Setting CVar [[s.TimeLimitExceededMinTime:0.005]]
LogConfig: Setting CVar [[s.UseBackgroundLevelStreaming:1]]
LogConfig: Setting CVar [[s.PriorityAsyncLoadingExtraTime:15.0]]
LogConfig: Setting CVar [[s.LevelStreamingActorsUpdateTimeLimit:5.0]]
LogConfig: Setting CVar [[s.PriorityLevelStreamingActorsUpdateExtraTime:5.0]]
LogConfig: Setting CVar [[s.LevelStreamingComponentsRegistrationGranularity:10]]
LogConfig: Setting CVar [[s.UnregisterComponentsTimeLimit:1.0]]
LogConfig: Setting CVar [[s.LevelStreamingComponentsUnregistrationGranularity:5]]
LogConfig: Setting CVar [[s.FlushStreamingOnExit:1]]
LogInit: Object subsystem initialized
LogConfig: Setting CVar [[con.DebugEarlyDefault:1]]
LogConfig: Setting CVar [[r.setres:1280x720]]
[2021.04.03-13.09.09:289][  0]LogConfig: Setting CVar [[r.VSync:0]]
[2021.04.03-13.09.09:289][  0]LogConfig: Setting CVar [[r.RHICmdBypass:0]]
[2021.04.03-13.09.09:289][  0]LogConfig: Applying CVar settings from Section [/Script/Engine.RendererSettings] File [C:/Users/Tom/Desktop/Fordy/test_multi/test_2/transfert/Saved/Config/Windows/Engine.ini]
[2021.04.03-13.09.09:289][  0]LogConfig: Setting CVar [[r.GPUCrashDebugging:0]]
[2021.04.03-13.09.09:289][  0]LogConfig: Applying CVar settings from Section [/Script/Engine.RendererOverrideSettings] File [C:/Users/Tom/Desktop/Fordy/test_multi/test_2/transfert/Saved/Config/Windows/Engine.ini]
[2021.04.03-13.09.09:289][  0]LogConfig: Applying CVar settings from Section [/Script/Engine.StreamingSettings] File [C:/Users/Tom/Desktop/Fordy/test_multi/test_2/transfert/Saved/Config/Windows/Engine.ini]
[2021.04.03-13.09.09:289][  0]LogConfig: Setting CVar [[s.MinBulkDataSizeForAsyncLoading:131072]]
[2021.04.03-13.09.09:290][  0]LogConfig: Setting CVar [[s.AsyncLoadingThreadEnabled:0]]
[2021.04.03-13.09.09:290][  0]LogConfig: Setting CVar [[s.EventDrivenLoaderEnabled:1]]
[2021.04.03-13.09.09:290][  0]LogConfig: Setting CVar [[s.WarnIfTimeLimitExceeded:0]]
[2021.04.03-13.09.09:290][  0]LogConfig: Setting CVar [[s.TimeLimitExceededMultiplier:1.5]]
[2021.04.03-13.09.09:290][  0]LogConfig: Setting CVar [[s.TimeLimitExceededMinTime:0.005]]
[2021.04.03-13.09.09:290][  0]LogConfig: Setting CVar [[s.UseBackgroundLevelStreaming:1]]
[2021.04.03-13.09.09:290][  0]LogConfig: Setting CVar [[s.PriorityAsyncLoadingExtraTime:15.0]]
[2021.04.03-13.09.09:290][  0]LogConfig: Setting CVar [[s.LevelStreamingActorsUpdateTimeLimit:5.0]]
[2021.04.03-13.09.09:290][  0]LogConfig: Setting CVar [[s.PriorityLevelStreamingActorsUpdateExtraTime:5.0]]
[2021.04.03-13.09.09:290][  0]LogConfig: Setting CVar [[s.LevelStreamingComponentsRegistrationGranularity:10]]
[2021.04.03-13.09.09:290][  0]LogConfig: Setting CVar [[s.UnregisterComponentsTimeLimit:1.0]]
[2021.04.03-13.09.09:290][  0]LogConfig: Setting CVar [[s.LevelStreamingComponentsUnregistrationGranularity:5]]
[2021.04.03-13.09.09:290][  0]LogConfig: Setting CVar [[s.FlushStreamingOnExit:1]]
[2021.04.03-13.09.09:290][  0]LogConfig: Applying CVar settings from Section [/Script/Engine.GarbageCollectionSettings] File [C:/Users/Tom/Desktop/Fordy/test_multi/test_2/transfert/Saved/Config/Windows/Engine.ini]
[2021.04.03-13.09.09:290][  0]LogConfig: Setting CVar [[gc.MaxObjectsNotConsideredByGC:1]]
[2021.04.03-13.09.09:290][  0]LogConfig: Setting CVar [[gc.SizeOfPermanentObjectPool:0]]
[2021.04.03-13.09.09:290][  0]LogConfig: Setting CVar [[gc.FlushStreamingOnGC:0]]
[2021.04.03-13.09.09:290][  0]LogConfig: Setting CVar [[gc.NumRetriesBeforeForcingGC:10]]
[2021.04.03-13.09.09:290][  0]LogConfig: Setting CVar [[gc.AllowParallelGC:1]]
[2021.04.03-13.09.09:290][  0]LogConfig: Setting CVar [[gc.TimeBetweenPurgingPendingKillObjects:61.1]]
[2021.04.03-13.09.09:290][  0]LogConfig: Setting CVar [[gc.MaxObjectsInEditor:25165824]]
[2021.04.03-13.09.09:290][  0]LogConfig: Setting CVar [[gc.IncrementalBeginDestroyEnabled:1]]
[2021.04.03-13.09.09:290][  0]LogConfig: Setting CVar [[gc.CreateGCClusters:1]]
[2021.04.03-13.09.09:290][  0]LogConfig: Setting CVar [[gc.MinGCClusterSize:5]]
[2021.04.03-13.09.09:290][  0]LogConfig: Setting CVar [[gc.ActorClusteringEnabled:0]]
[2021.04.03-13.09.09:290][  0]LogConfig: Setting CVar [[gc.BlueprintClusteringEnabled:0]]
[2021.04.03-13.09.09:290][  0]LogConfig: Setting CVar [[gc.UseDisregardForGCOnDedicatedServers:0]]
[2021.04.03-13.09.09:290][  0]LogConfig: Applying CVar settings from Section [/Script/Engine.NetworkSettings] File [C:/Users/Tom/Desktop/Fordy/test_multi/test_2/transfert/Saved/Config/Windows/Engine.ini]
[2021.04.03-13.09.09:290][  0]LogConfig: Applying CVar settings from Section [/Script/UnrealEd.CookerSettings] File [C:/Users/Tom/Desktop/Fordy/test_multi/test_2/transfert/Saved/Config/Windows/Engine.ini]
[2021.04.03-13.09.09:292][  0]LogConfig: Applying CVar settings from Section [ViewDistanceQuality@3] File [C:/Users/Tom/Desktop/Fordy/test_multi/test_2/transfert/Saved/Config/Windows/Scalability.ini]
[2021.04.03-13.09.09:292][  0]LogConfig: Setting CVar [[r.SkeletalMeshLODBias:0]]
[2021.04.03-13.09.09:292][  0]LogConfig: Setting CVar [[r.ViewDistanceScale:1.0]]
[2021.04.03-13.09.09:292][  0]LogConfig: Applying CVar settings from Section [AntiAliasingQuality@3] File [C:/Users/Tom/Desktop/Fordy/test_multi/test_2/transfert/Saved/Config/Windows/Scalability.ini]
[2021.04.03-13.09.09:292][  0]LogConfig: Setting CVar [[r.PostProcessAAQuality:4]]
[2021.04.03-13.09.09:292][  0]LogConfig: Applying CVar settings from Section [ShadowQuality@3] File [C:/Users/Tom/Desktop/Fordy/test_multi/test_2/transfert/Saved/Config/Windows/Scalability.ini]
[2021.04.03-13.09.09:292][  0]LogConfig: Setting CVar [[r.LightFunctionQuality:1]]
[2021.04.03-13.09.09:292][  0]LogConfig: Setting CVar [[r.ShadowQuality:5]]
[2021.04.03-13.09.09:292][  0]LogConfig: Setting CVar [[r.Shadow.CSM.MaxCascades:10]]
[2021.04.03-13.09.09:292][  0]LogConfig: Setting CVar [[r.Shadow.MaxResolution:2048]]
[2021.04.03-13.09.09:292][  0]LogConfig: Setting CVar [[r.Shadow.MaxCSMResolution:2048]]
[2021.04.03-13.09.09:292][  0]LogConfig: Setting CVar [[r.Shadow.RadiusThreshold:0.01]]
[2021.04.03-13.09.09:292][  0]LogConfig: Setting CVar [[r.Shadow.DistanceScale:1.0]]
[2021.04.03-13.09.09:292][  0]LogConfig: Setting CVar [[r.Shadow.CSM.TransitionScale:1.0]]
[2021.04.03-13.09.09:292][  0]LogConfig: Setting CVar [[r.Shadow.PreShadowResolutionFactor:1.0]]
[2021.04.03-13.09.09:292][  0]LogConfig: Setting CVar [[r.DistanceFieldShadowing:1]]
[2021.04.03-13.09.09:292][  0]LogConfig: Setting CVar [[r.DistanceFieldAO:1]]
[2021.04.03-13.09.09:292][  0]LogConfig: Setting CVar [[r.AOQuality:2]]
[2021.04.03-13.09.09:292][  0]LogConfig: Setting CVar [[r.VolumetricFog:1]]
[2021.04.03-13.09.09:292][  0]LogConfig: Setting CVar [[r.VolumetricFog.GridPixelSize:8]]
[2021.04.03-13.09.09:292][  0]LogConfig: Setting CVar [[r.VolumetricFog.GridSizeZ:128]]
[2021.04.03-13.09.09:292][  0]LogConfig: Setting CVar [[r.VolumetricFog.HistoryMissSupersampleCount:4]]
[2021.04.03-13.09.09:292][  0]LogConfig: Setting CVar [[r.LightMaxDrawDistanceScale:1]]
[2021.04.03-13.09.09:292][  0]LogConfig: Setting CVar [[r.CapsuleShadows:1]]
[2021.04.03-13.09.09:292][  0]LogConfig: Applying CVar settings from Section [PostProcessQuality@3] File [C:/Users/Tom/Desktop/Fordy/test_multi/test_2/transfert/Saved/Config/Windows/Scalability.ini]
[2021.04.03-13.09.09:292][  0]LogConfig: Setting CVar [[r.MotionBlurQuality:4]]
[2021.04.03-13.09.09:292][  0]LogConfig: Setting CVar [[r.AmbientOcclusionMipLevelFactor:0.4]]
[2021.04.03-13.09.09:292][  0]LogConfig: Setting CVar [[r.AmbientOcclusionMaxQuality:100]]
[2021.04.03-13.09.09:292][  0]LogConfig: Setting CVar [[r.AmbientOcclusionLevels:-1]]
[2021.04.03-13.09.09:292][  0]LogConfig: Setting CVar [[r.AmbientOcclusionRadiusScale:1.0]]
[2021.04.03-13.09.09:292][  0]LogConfig: Setting CVar [[r.DepthOfFieldQuality:2]]
[2021.04.03-13.09.09:292][  0]LogConfig: Setting CVar [[r.RenderTargetPoolMin:400]]
[2021.04.03-13.09.09:292][  0]LogConfig: Setting CVar [[r.LensFlareQuality:2]]
[2021.04.03-13.09.09:292][  0]LogConfig: Setting CVar [[r.SceneColorFringeQuality:1]]
[2021.04.03-13.09.09:292][  0]LogConfig: Setting CVar [[r.EyeAdaptationQuality:2]]
[2021.04.03-13.09.09:292][  0]LogConfig: Setting CVar [[r.BloomQuality:5]]
[2021.04.03-13.09.09:292][  0]LogConfig: Setting CVar [[r.FastBlurThreshold:100]]
[2021.04.03-13.09.09:292][  0]LogConfig: Setting CVar [[r.Upscale.Quality:3]]
[2021.04.03-13.09.09:292][  0]LogConfig: Setting CVar [[r.Tonemapper.GrainQuantization:1]]
[2021.04.03-13.09.09:292][  0]LogConfig: Setting CVar [[r.LightShaftQuality:1]]
[2021.04.03-13.09.09:292][  0]LogConfig: Setting CVar [[r.Filter.SizeScale:1]]
[2021.04.03-13.09.09:292][  0]LogConfig: Setting CVar [[r.Tonemapper.Quality:5]]
[2021.04.03-13.09.09:292][  0]LogConfig: Setting CVar [[r.DOF.Gather.AccumulatorQuality:1        ; higher gathering accumulator quality]]
[2021.04.03-13.09.09:292][  0]LogConfig: Setting CVar [[r.DOF.Gather.PostfilterMethod:1          ; Median3x3 postfilering method]]
[2021.04.03-13.09.09:292][  0]LogConfig: Setting CVar [[r.DOF.Gather.EnableBokehSettings:0       ; no bokeh simulation when gathering]]
[2021.04.03-13.09.09:292][  0]LogConfig: Setting CVar [[r.DOF.Gather.RingCount:4                 ; medium number of samples when gathering]]
[2021.04.03-13.09.09:292][  0]LogConfig: Setting CVar [[r.DOF.Scatter.ForegroundCompositing:1    ; additive foreground scattering]]
[2021.04.03-13.09.09:292][  0]LogConfig: Setting CVar [[r.DOF.Scatter.BackgroundCompositing:2    ; additive background scattering]]
[2021.04.03-13.09.09:292][  0]LogConfig: Setting CVar [[r.DOF.Scatter.EnableBokehSettings:1      ; bokeh simulation when scattering]]
[2021.04.03-13.09.09:292][  0]LogConfig: Setting CVar [[r.DOF.Scatter.MaxSpriteRatio:0.1         ; only a maximum of 10% of scattered bokeh]]
[2021.04.03-13.09.09:292][  0]LogConfig: Setting CVar [[r.DOF.Recombine.Quality:1                ; cheap slight out of focus]]
[2021.04.03-13.09.09:292][  0]LogConfig: Setting CVar [[r.DOF.Recombine.EnableBokehSettings:0    ; no bokeh simulation on slight out of focus]]
[2021.04.03-13.09.09:292][  0]LogConfig: Setting CVar [[r.DOF.TemporalAAQuality:1                ; more stable temporal accumulation]]
[2021.04.03-13.09.09:292][  0]LogConfig: Setting CVar [[r.DOF.Kernel.MaxForegroundRadius:0.025]]
[2021.04.03-13.09.09:292][  0]LogConfig: Setting CVar [[r.DOF.Kernel.MaxBackgroundRadius:0.025]]
[2021.04.03-13.09.09:292][  0]LogConfig: Applying CVar settings from Section [TextureQuality@3] File [C:/Users/Tom/Desktop/Fordy/test_multi/test_2/transfert/Saved/Config/Windows/Scalability.ini]
[2021.04.03-13.09.09:292][  0]LogConfig: Setting CVar [[r.Streaming.MipBias:0]]
[2021.04.03-13.09.09:292][  0]LogConfig: Setting CVar [[r.Streaming.AmortizeCPUToGPUCopy:0]]
[2021.04.03-13.09.09:293][  0]LogConfig: Setting CVar [[r.Streaming.MaxNumTexturesToStreamPerFrame:0]]
[2021.04.03-13.09.09:293][  0]LogConfig: Setting CVar [[r.Streaming.Boost:1]]
[2021.04.03-13.09.09:293][  0]LogConfig: Setting CVar [[r.MaxAnisotropy:8]]
[2021.04.03-13.09.09:293][  0]LogConfig: Setting CVar [[r.VT.MaxAnisotropy:8]]
[2021.04.03-13.09.09:293][  0]LogConfig: Setting CVar [[r.Streaming.LimitPoolSizeToVRAM:0]]
[2021.04.03-13.09.09:293][  0]LogConfig: Setting CVar [[r.Streaming.PoolSize:1000]]
[2021.04.03-13.09.09:293][  0]LogConfig: Setting CVar [[r.Streaming.MaxEffectiveScreenSize:0]]
[2021.04.03-13.09.09:293][  0]LogConfig: Applying CVar settings from Section [EffectsQuality@3] File [C:/Users/Tom/Desktop/Fordy/test_multi/test_2/transfert/Saved/Config/Windows/Scalability.ini]
[2021.04.03-13.09.09:293][  0]LogConfig: Setting CVar [[r.TranslucencyLightingVolumeDim:64]]
[2021.04.03-13.09.09:293][  0]LogConfig: Setting CVar [[r.RefractionQuality:2]]
[2021.04.03-13.09.09:293][  0]LogConfig: Setting CVar [[r.SSR.Quality:3]]
[2021.04.03-13.09.09:293][  0]LogConfig: Setting CVar [[r.SSR.HalfResSceneColor:0]]
[2021.04.03-13.09.09:293][  0]LogConfig: Setting CVar [[r.SceneColorFormat:4]]
[2021.04.03-13.09.09:293][  0]LogConfig: Setting CVar [[r.DetailMode:2]]
[2021.04.03-13.09.09:293][  0]LogConfig: Setting CVar [[r.TranslucencyVolumeBlur:1]]
[2021.04.03-13.09.09:293][  0]LogConfig: Setting CVar [[r.MaterialQualityLevel:1 ; High quality]]
[2021.04.03-13.09.09:293][  0]LogConfig: Setting CVar [[r.SSS.Scale:1]]
[2021.04.03-13.09.09:293][  0]LogConfig: Setting CVar [[r.SSS.SampleSet:2]]
[2021.04.03-13.09.09:293][  0]LogConfig: Setting CVar [[r.SSS.Quality:1]]
[2021.04.03-13.09.09:293][  0]LogConfig: Setting CVar [[r.SSS.HalfRes:0]]
[2021.04.03-13.09.09:293][  0]LogConfig: Setting CVar [[r.SSGI.Quality:3]]
[2021.04.03-13.09.09:293][  0]LogConfig: Setting CVar [[r.EmitterSpawnRateScale:1.0]]
[2021.04.03-13.09.09:293][  0]LogConfig: Setting CVar [[r.ParticleLightQuality:2]]
[2021.04.03-13.09.09:293][  0]LogConfig: Setting CVar [[r.SkyAtmosphere.AerialPerspectiveLUT.FastApplyOnOpaque:1 ; Always have FastSkyLUT 1 in this case to avoid wrong sky]]
[2021.04.03-13.09.09:293][  0]LogConfig: Setting CVar [[r.SkyAtmosphere.AerialPerspectiveLUT.SampleCountPerSlice:1]]
[2021.04.03-13.09.09:293][  0]LogConfig: Setting CVar [[r.SkyAtmosphere.AerialPerspectiveLUT.DepthResolution:16.0]]
[2021.04.03-13.09.09:293][  0]LogConfig: Setting CVar [[r.SkyAtmosphere.FastSkyLUT:1]]
[2021.04.03-13.09.09:293][  0]LogConfig: Setting CVar [[r.SkyAtmosphere.FastSkyLUT.SampleCountMin:4.0]]
[2021.04.03-13.09.09:293][  0]LogConfig: Setting CVar [[r.SkyAtmosphere.FastSkyLUT.SampleCountMax:32.0]]
[2021.04.03-13.09.09:293][  0]LogConfig: Setting CVar [[r.SkyAtmosphere.SampleCountMin:4.0]]
[2021.04.03-13.09.09:293][  0]LogConfig: Setting CVar [[r.SkyAtmosphere.SampleCountMax:32.0]]
[2021.04.03-13.09.09:293][  0]LogConfig: Setting CVar [[r.SkyAtmosphere.TransmittanceLUT.UseSmallFormat:0]]
[2021.04.03-13.09.09:293][  0]LogConfig: Setting CVar [[r.SkyAtmosphere.TransmittanceLUT.SampleCount:10.0]]
[2021.04.03-13.09.09:293][  0]LogConfig: Setting CVar [[r.SkyAtmosphere.MultiScatteringLUT.SampleCount:15.0]]
[2021.04.03-13.09.09:293][  0]LogConfig: Applying CVar settings from Section [FoliageQuality@3] File [C:/Users/Tom/Desktop/Fordy/test_multi/test_2/transfert/Saved/Config/Windows/Scalability.ini]
[2021.04.03-13.09.09:293][  0]LogConfig: Setting CVar [[foliage.DensityScale:1.0]]
[2021.04.03-13.09.09:293][  0]LogConfig: Setting CVar [[grass.DensityScale:1.0]]
[2021.04.03-13.09.09:293][  0]LogConfig: Applying CVar settings from Section [ShadingQuality@3] File [C:/Users/Tom/Desktop/Fordy/test_multi/test_2/transfert/Saved/Config/Windows/Scalability.ini]
[2021.04.03-13.09.09:293][  0]LogConfig: Setting CVar [[r.HairStrands.SkyLighting.SampleCount:16]]
[2021.04.03-13.09.09:293][  0]LogConfig: Setting CVar [[r.HairStrands.SkyLighting.JitterIntegration:0]]
[2021.04.03-13.09.09:293][  0]LogConfig: Setting CVar [[r.HairStrands.SkyAO.SampleCount:16]]
[2021.04.03-13.09.09:293][  0]LogConfig: Setting CVar [[r.HairStrands.DeepShadow.SuperSampling:0]]
[2021.04.03-13.09.09:293][  0]LogConfig: Setting CVar [[r.HairStrands.VisibilityPPLL:0]]
[2021.04.03-13.09.09:293][  0]LogConfig: Setting CVar [[r.HairStrands.RasterizationScale:0.5]]
[2021.04.03-13.09.09:293][  0]LogConfig: Setting CVar [[r.HairStrands.VelocityRasterizationScale:1]]
[2021.04.03-13.09.09:293][  0]LogInit: Selected Device Profile: [Windows]
[2021.04.03-13.09.09:293][  0]LogInit: Applying CVar settings loaded from the selected device profile: [Windows]
[2021.04.03-13.09.09:293][  0]LogHAL: Display: Platform has ~ 32 GB [34292334592 / 34359738368 / 32], which maps to Largest [LargestMinGB=32, LargerMinGB=12, DefaultMinGB=8, SmallerMinGB=6, SmallestMinGB=0)
[2021.04.03-13.09.09:293][  0]LogInit: Going up to parent DeviceProfile []
[2021.04.03-13.09.09:293][  0]LogConfig: Applying CVar settings from Section [ViewDistanceQuality@3] File [C:/Users/Tom/Desktop/Fordy/test_multi/test_2/transfert/Saved/Config/Windows/Scalability.ini]
[2021.04.03-13.09.09:293][  0]LogConfig: Setting CVar [[r.SkeletalMeshLODBias:0]]
[2021.04.03-13.09.09:293][  0]LogConfig: Setting CVar [[r.ViewDistanceScale:1.0]]
[2021.04.03-13.09.09:293][  0]LogConfig: Applying CVar settings from Section [AntiAliasingQuality@3] File [C:/Users/Tom/Desktop/Fordy/test_multi/test_2/transfert/Saved/Config/Windows/Scalability.ini]
[2021.04.03-13.09.09:293][  0]LogConfig: Setting CVar [[r.PostProcessAAQuality:4]]
[2021.04.03-13.09.09:293][  0]LogConfig: Applying CVar settings from Section [ShadowQuality@3] File [C:/Users/Tom/Desktop/Fordy/test_multi/test_2/transfert/Saved/Config/Windows/Scalability.ini]
[2021.04.03-13.09.09:293][  0]LogConfig: Setting CVar [[r.LightFunctionQuality:1]]
[2021.04.03-13.09.09:293][  0]LogConfig: Setting CVar [[r.ShadowQuality:5]]
[2021.04.03-13.09.09:293][  0]LogConfig: Setting CVar [[r.Shadow.CSM.MaxCascades:10]]
[2021.04.03-13.09.09:293][  0]LogConfig: Setting CVar [[r.Shadow.MaxResolution:2048]]
[2021.04.03-13.09.09:293][  0]LogConfig: Setting CVar [[r.Shadow.MaxCSMResolution:2048]]
[2021.04.03-13.09.09:293][  0]LogConfig: Setting CVar [[r.Shadow.RadiusThreshold:0.01]]
[2021.04.03-13.09.09:293][  0]LogConfig: Setting CVar [[r.Shadow.DistanceScale:1.0]]
[2021.04.03-13.09.09:293][  0]LogConfig: Setting CVar [[r.Shadow.CSM.TransitionScale:1.0]]
[2021.04.03-13.09.09:293][  0]LogConfig: Setting CVar [[r.Shadow.PreShadowResolutionFactor:1.0]]
[2021.04.03-13.09.09:293][  0]LogConfig: Setting CVar [[r.DistanceFieldShadowing:1]]
[2021.04.03-13.09.09:293][  0]LogConfig: Setting CVar [[r.DistanceFieldAO:1]]
[2021.04.03-13.09.09:293][  0]LogConfig: Setting CVar [[r.AOQuality:2]]
[2021.04.03-13.09.09:293][  0]LogConfig: Setting CVar [[r.VolumetricFog:1]]
[2021.04.03-13.09.09:293][  0]LogConfig: Setting CVar [[r.VolumetricFog.GridPixelSize:8]]
[2021.04.03-13.09.09:293][  0]LogConfig: Setting CVar [[r.VolumetricFog.GridSizeZ:128]]
[2021.04.03-13.09.09:293][  0]LogConfig: Setting CVar [[r.VolumetricFog.HistoryMissSupersampleCount:4]]
[2021.04.03-13.09.09:293][  0]LogConfig: Setting CVar [[r.LightMaxDrawDistanceScale:1]]
[2021.04.03-13.09.09:293][  0]LogConfig: Setting CVar [[r.CapsuleShadows:1]]
[2021.04.03-13.09.09:293][  0]LogConfig: Applying CVar settings from Section [PostProcessQuality@3] File [C:/Users/Tom/Desktop/Fordy/test_multi/test_2/transfert/Saved/Config/Windows/Scalability.ini]
[2021.04.03-13.09.09:293][  0]LogConfig: Setting CVar [[r.MotionBlurQuality:4]]
[2021.04.03-13.09.09:293][  0]LogConfig: Setting CVar [[r.AmbientOcclusionMipLevelFactor:0.4]]
[2021.04.03-13.09.09:293][  0]LogConfig: Setting CVar [[r.AmbientOcclusionMaxQuality:100]]
[2021.04.03-13.09.09:293][  0]LogConfig: Setting CVar [[r.AmbientOcclusionLevels:-1]]
[2021.04.03-13.09.09:293][  0]LogConfig: Setting CVar [[r.AmbientOcclusionRadiusScale:1.0]]
[2021.04.03-13.09.09:293][  0]LogConfig: Setting CVar [[r.DepthOfFieldQuality:2]]
[2021.04.03-13.09.09:293][  0]LogConfig: Setting CVar [[r.RenderTargetPoolMin:400]]
[2021.04.03-13.09.09:293][  0]LogConfig: Setting CVar [[r.LensFlareQuality:2]]
[2021.04.03-13.09.09:293][  0]LogConfig: Setting CVar [[r.SceneColorFringeQuality:1]]
[2021.04.03-13.09.09:293][  0]LogConfig: Setting CVar [[r.EyeAdaptationQuality:2]]
[2021.04.03-13.09.09:293][  0]LogConfig: Setting CVar [[r.BloomQuality:5]]
[2021.04.03-13.09.09:293][  0]LogConfig: Setting CVar [[r.FastBlurThreshold:100]]
[2021.04.03-13.09.09:293][  0]LogConfig: Setting CVar [[r.Upscale.Quality:3]]
[2021.04.03-13.09.09:293][  0]LogConfig: Setting CVar [[r.Tonemapper.GrainQuantization:1]]
[2021.04.03-13.09.09:294][  0]LogConfig: Setting CVar [[r.LightShaftQuality:1]]
[2021.04.03-13.09.09:294][  0]LogConfig: Setting CVar [[r.Filter.SizeScale:1]]
[2021.04.03-13.09.09:294][  0]LogConfig: Setting CVar [[r.Tonemapper.Quality:5]]
[2021.04.03-13.09.09:294][  0]LogConfig: Setting CVar [[r.DOF.Gather.AccumulatorQuality:1        ; higher gathering accumulator quality]]
[2021.04.03-13.09.09:294][  0]LogConfig: Setting CVar [[r.DOF.Gather.PostfilterMethod:1          ; Median3x3 postfilering method]]
[2021.04.03-13.09.09:294][  0]LogConfig: Setting CVar [[r.DOF.Gather.EnableBokehSettings:0       ; no bokeh simulation when gathering]]
[2021.04.03-13.09.09:294][  0]LogConfig: Setting CVar [[r.DOF.Gather.RingCount:4                 ; medium number of samples when gathering]]
[2021.04.03-13.09.09:294][  0]LogConfig: Setting CVar [[r.DOF.Scatter.ForegroundCompositing:1    ; additive foreground scattering]]
[2021.04.03-13.09.09:294][  0]LogConfig: Setting CVar [[r.DOF.Scatter.BackgroundCompositing:2    ; additive background scattering]]
[2021.04.03-13.09.09:294][  0]LogConfig: Setting CVar [[r.DOF.Scatter.EnableBokehSettings:1      ; bokeh simulation when scattering]]
[2021.04.03-13.09.09:294][  0]LogConfig: Setting CVar [[r.DOF.Scatter.MaxSpriteRatio:0.1         ; only a maximum of 10% of scattered bokeh]]
[2021.04.03-13.09.09:294][  0]LogConfig: Setting CVar [[r.DOF.Recombine.Quality:1                ; cheap slight out of focus]]
[2021.04.03-13.09.09:294][  0]LogConfig: Setting CVar [[r.DOF.Recombine.EnableBokehSettings:0    ; no bokeh simulation on slight out of focus]]
[2021.04.03-13.09.09:294][  0]LogConfig: Setting CVar [[r.DOF.TemporalAAQuality:1                ; more stable temporal accumulation]]
[2021.04.03-13.09.09:294][  0]LogConfig: Setting CVar [[r.DOF.Kernel.MaxForegroundRadius:0.025]]
[2021.04.03-13.09.09:294][  0]LogConfig: Setting CVar [[r.DOF.Kernel.MaxBackgroundRadius:0.025]]
[2021.04.03-13.09.09:294][  0]LogConfig: Applying CVar settings from Section [TextureQuality@3] File [C:/Users/Tom/Desktop/Fordy/test_multi/test_2/transfert/Saved/Config/Windows/Scalability.ini]
[2021.04.03-13.09.09:294][  0]LogConfig: Setting CVar [[r.Streaming.MipBias:0]]
[2021.04.03-13.09.09:294][  0]LogConfig: Setting CVar [[r.Streaming.AmortizeCPUToGPUCopy:0]]
[2021.04.03-13.09.09:294][  0]LogConfig: Setting CVar [[r.Streaming.MaxNumTexturesToStreamPerFrame:0]]
[2021.04.03-13.09.09:294][  0]LogConfig: Setting CVar [[r.Streaming.Boost:1]]
[2021.04.03-13.09.09:294][  0]LogConfig: Setting CVar [[r.MaxAnisotropy:8]]
[2021.04.03-13.09.09:294][  0]LogConfig: Setting CVar [[r.VT.MaxAnisotropy:8]]
[2021.04.03-13.09.09:294][  0]LogConfig: Setting CVar [[r.Streaming.LimitPoolSizeToVRAM:0]]
[2021.04.03-13.09.09:294][  0]LogConfig: Setting CVar [[r.Streaming.PoolSize:1000]]
[2021.04.03-13.09.09:294][  0]LogConfig: Setting CVar [[r.Streaming.MaxEffectiveScreenSize:0]]
[2021.04.03-13.09.09:294][  0]LogConfig: Applying CVar settings from Section [EffectsQuality@3] File [C:/Users/Tom/Desktop/Fordy/test_multi/test_2/transfert/Saved/Config/Windows/Scalability.ini]
[2021.04.03-13.09.09:294][  0]LogConfig: Setting CVar [[r.TranslucencyLightingVolumeDim:64]]
[2021.04.03-13.09.09:294][  0]LogConfig: Setting CVar [[r.RefractionQuality:2]]
[2021.04.03-13.09.09:294][  0]LogConfig: Setting CVar [[r.SSR.Quality:3]]
[2021.04.03-13.09.09:294][  0]LogConfig: Setting CVar [[r.SSR.HalfResSceneColor:0]]
[2021.04.03-13.09.09:294][  0]LogConfig: Setting CVar [[r.SceneColorFormat:4]]
[2021.04.03-13.09.09:294][  0]LogConfig: Setting CVar [[r.DetailMode:2]]
[2021.04.03-13.09.09:294][  0]LogConfig: Setting CVar [[r.TranslucencyVolumeBlur:1]]
[2021.04.03-13.09.09:294][  0]LogConfig: Setting CVar [[r.MaterialQualityLevel:1 ; High quality]]
[2021.04.03-13.09.09:294][  0]LogConfig: Setting CVar [[r.SSS.Scale:1]]
[2021.04.03-13.09.09:294][  0]LogConfig: Setting CVar [[r.SSS.SampleSet:2]]
[2021.04.03-13.09.09:294][  0]LogConfig: Setting CVar [[r.SSS.Quality:1]]
[2021.04.03-13.09.09:294][  0]LogConfig: Setting CVar [[r.SSS.HalfRes:0]]
[2021.04.03-13.09.09:294][  0]LogConfig: Setting CVar [[r.SSGI.Quality:3]]
[2021.04.03-13.09.09:294][  0]LogConfig: Setting CVar [[r.EmitterSpawnRateScale:1.0]]
[2021.04.03-13.09.09:294][  0]LogConfig: Setting CVar [[r.ParticleLightQuality:2]]
[2021.04.03-13.09.09:294][  0]LogConfig: Setting CVar [[r.SkyAtmosphere.AerialPerspectiveLUT.FastApplyOnOpaque:1 ; Always have FastSkyLUT 1 in this case to avoid wrong sky]]
[2021.04.03-13.09.09:294][  0]LogConfig: Setting CVar [[r.SkyAtmosphere.AerialPerspectiveLUT.SampleCountPerSlice:1]]
[2021.04.03-13.09.09:294][  0]LogConfig: Setting CVar [[r.SkyAtmosphere.AerialPerspectiveLUT.DepthResolution:16.0]]
[2021.04.03-13.09.09:294][  0]LogConfig: Setting CVar [[r.SkyAtmosphere.FastSkyLUT:1]]
[2021.04.03-13.09.09:294][  0]LogConfig: Setting CVar [[r.SkyAtmosphere.FastSkyLUT.SampleCountMin:4.0]]
[2021.04.03-13.09.09:294][  0]LogConfig: Setting CVar [[r.SkyAtmosphere.FastSkyLUT.SampleCountMax:32.0]]
[2021.04.03-13.09.09:294][  0]LogConfig: Setting CVar [[r.SkyAtmosphere.SampleCountMin:4.0]]
[2021.04.03-13.09.09:294][  0]LogConfig: Setting CVar [[r.SkyAtmosphere.SampleCountMax:32.0]]
[2021.04.03-13.09.09:294][  0]LogConfig: Setting CVar [[r.SkyAtmosphere.TransmittanceLUT.UseSmallFormat:0]]
[2021.04.03-13.09.09:294][  0]LogConfig: Setting CVar [[r.SkyAtmosphere.TransmittanceLUT.SampleCount:10.0]]
[2021.04.03-13.09.09:294][  0]LogConfig: Setting CVar [[r.SkyAtmosphere.MultiScatteringLUT.SampleCount:15.0]]
[2021.04.03-13.09.09:294][  0]LogConfig: Applying CVar settings from Section [FoliageQuality@3] File [C:/Users/Tom/Desktop/Fordy/test_multi/test_2/transfert/Saved/Config/Windows/Scalability.ini]
[2021.04.03-13.09.09:294][  0]LogConfig: Setting CVar [[foliage.DensityScale:1.0]]
[2021.04.03-13.09.09:294][  0]LogConfig: Setting CVar [[grass.DensityScale:1.0]]
[2021.04.03-13.09.09:294][  0]LogConfig: Applying CVar settings from Section [ShadingQuality@3] File [C:/Users/Tom/Desktop/Fordy/test_multi/test_2/transfert/Saved/Config/Windows/Scalability.ini]
[2021.04.03-13.09.09:294][  0]LogConfig: Setting CVar [[r.HairStrands.SkyLighting.SampleCount:16]]
[2021.04.03-13.09.09:294][  0]LogConfig: Setting CVar [[r.HairStrands.SkyLighting.JitterIntegration:0]]
[2021.04.03-13.09.09:294][  0]LogConfig: Setting CVar [[r.HairStrands.SkyAO.SampleCount:16]]
[2021.04.03-13.09.09:294][  0]LogConfig: Setting CVar [[r.HairStrands.DeepShadow.SuperSampling:0]]
[2021.04.03-13.09.09:294][  0]LogConfig: Setting CVar [[r.HairStrands.VisibilityPPLL:0]]
[2021.04.03-13.09.09:294][  0]LogConfig: Setting CVar [[r.HairStrands.RasterizationScale:0.5]]
[2021.04.03-13.09.09:294][  0]LogConfig: Setting CVar [[r.HairStrands.VelocityRasterizationScale:1]]
[2021.04.03-13.09.09:294][  0]LogConfig: Applying CVar settings from Section [Startup] File [../../../Engine/Config/ConsoleVariables.ini]
[2021.04.03-13.09.09:294][  0]LogConfig: Setting CVar [[net.UseAdaptiveNetUpdateFrequency:0]]
[2021.04.03-13.09.09:295][  0]LogConfig: Setting CVar [[p.chaos.AllowCreatePhysxBodies:1]]
[2021.04.03-13.09.09:295][  0]LogConfig: Setting CVar [[fx.SkipVectorVMBackendOptimizations:1]]
[2021.04.03-13.09.09:295][  0]LogConfig: Applying CVar settings from Section [ConsoleVariables] File [C:/Users/Tom/Desktop/Fordy/test_multi/test_2/transfert/Saved/Config/Windows/Engine.ini]
[2021.04.03-13.09.09:295][  0]LogInit: Computer: DESKTOP-Q07F8OP
[2021.04.03-13.09.09:295][  0]LogInit: User: Tom
[2021.04.03-13.09.09:295][  0]LogInit: CPU Page size=4096, Cores=4
[2021.04.03-13.09.09:295][  0]LogInit: High frequency timer resolution =10.000000 MHz
[2021.04.03-13.09.09:295][  0]LogMemory: Memory total: Physical=31.9GB (32GB approx)
[2021.04.03-13.09.09:295][  0]LogMemory: Platform Memory Stats for Windows
[2021.04.03-13.09.09:295][  0]LogMemory: Process Physical Memory: 114.62 MB used, 114.62 MB peak
[2021.04.03-13.09.09:295][  0]LogMemory: Process Virtual Memory: 96.32 MB used, 96.32 MB peak
[2021.04.03-13.09.09:295][  0]LogMemory: Physical Memory: 17075.63 MB used,  15628.09 MB free, 32703.72 MB total
[2021.04.03-13.09.09:295][  0]LogMemory: Virtual Memory: 5144.94 MB used,  134212584.00 MB free, 134217728.00 MB total
[2021.04.03-13.09.09:301][  0]LogWindows: WindowsPlatformFeatures enabled
[2021.04.03-13.09.09:353][  0]LogInit: Physics initialised using underlying interface: PhysX
[2021.04.03-13.09.09:354][  0]LogInit: Using OS detected language (fr-FR).
[2021.04.03-13.09.09:354][  0]LogInit: Using OS detected locale (fr-CH).
[2021.04.03-13.09.09:358][  0]LogTextLocalizationManager: No specific localization for 'fr-FR' exists, so the 'fr' localization will be used.
[2021.04.03-13.09.09:358][  0]LogTextLocalizationResource: LocRes '../../../Engine/Content/Localization/Editor/fr/Editor.locres' could not be opened for reading!
[2021.04.03-13.09.09:358][  0]LogTextLocalizationResource: LocRes '../../../Engine/Content/Localization/EditorTutorials/fr/EditorTutorials.locres' could not be opened for reading!
[2021.04.03-13.09.09:358][  0]LogTextLocalizationResource: LocRes '../../../Engine/Content/Localization/Keywords/fr/Keywords.locres' could not be opened for reading!
[2021.04.03-13.09.09:358][  0]LogTextLocalizationResource: LocRes '../../../Engine/Content/Localization/Category/fr/Category.locres' could not be opened for reading!
[2021.04.03-13.09.09:358][  0]LogTextLocalizationResource: LocRes '../../../Engine/Content/Localization/ToolTips/fr/ToolTips.locres' could not be opened for reading!
[2021.04.03-13.09.09:359][  0]LogTextLocalizationResource: LocRes '../../../Engine/Content/Localization/PropertyNames/fr/PropertyNames.locres' could not be opened for reading!
[2021.04.03-13.09.09:359][  0]LogTextLocalizationResource: LocRes '../../../Engine/Content/Localization/Engine/fr/Engine.locres' could not be opened for reading!
[2021.04.03-13.09.09:360][  0]LogInit: Setting process to per monitor DPI aware
[2021.04.03-13.09.09:388][  0]LogSlate: New Slate User Created.  User Index 0, Is Virtual User: 0
[2021.04.03-13.09.09:388][  0]LogSlate: Slate User Registered.  User Index 0, Is Virtual User: 0
[2021.04.03-13.09.09:554][  0]LogHMD: Failed to initialize OpenVR with code 110
[2021.04.03-13.09.09:554][  0]LogD3D11RHI: D3D11 min allowed feature level: 11_0
[2021.04.03-13.09.09:554][  0]LogD3D11RHI: D3D11 max allowed feature level: 11_0
[2021.04.03-13.09.09:554][  0]LogD3D11RHI: D3D11 adapters:
[2021.04.03-13.09.09:650][  0]LogD3D11RHI:    0. 'NVIDIA GeForce GTX 1080' (Feature Level 11_0)
[2021.04.03-13.09.09:650][  0]LogD3D11RHI:       8079/0/16351 MB DedicatedVideo/DedicatedSystem/SharedSystem, Outputs:1, VendorId:0x10de
[2021.04.03-13.09.09:652][  0]LogD3D11RHI:    1. 'Microsoft Basic Render Driver' (Feature Level 11_0)
[2021.04.03-13.09.09:652][  0]LogD3D11RHI:       0/0/16351 MB DedicatedVideo/DedicatedSystem/SharedSystem, Outputs:0, VendorId:0x1414
[2021.04.03-13.09.09:652][  0]LogD3D11RHI: Chosen D3D11 Adapter: 0
[2021.04.03-13.09.09:669][  0]LogD3D11RHI: Creating new Direct3DDevice
[2021.04.03-13.09.09:670][  0]LogD3D11RHI:     GPU DeviceId: 0x1b80 (for the marketing name, search the web for "GPU Device Id")
[2021.04.03-13.09.09:670][  0]LogWindows: EnumDisplayDevices:
[2021.04.03-13.09.09:670][  0]LogWindows:    0. 'NVIDIA GeForce GTX 1080' (P:1 D:1)
[2021.04.03-13.09.09:670][  0]LogWindows:    1. 'NVIDIA GeForce GTX 1080' (P:0 D:0)
[2021.04.03-13.09.09:670][  0]LogWindows:    2. 'NVIDIA GeForce GTX 1080' (P:0 D:0)
[2021.04.03-13.09.09:670][  0]LogWindows:    3. 'NVIDIA GeForce GTX 1080' (P:0 D:0)
[2021.04.03-13.09.09:670][  0]LogWindows: DebugString: FoundDriverCount:4 
[2021.04.03-13.09.09:670][  0]LogD3D11RHI:     Adapter Name: NVIDIA GeForce GTX 1080
[2021.04.03-13.09.09:670][  0]LogD3D11RHI:   Driver Version: 461.40 (internal:27.21.14.6140, unified:461.40)
[2021.04.03-13.09.09:670][  0]LogD3D11RHI:      Driver Date: 1-22-2021
[2021.04.03-13.09.09:671][  0]LogRHI: Texture pool is 5655 MB (70% of 8079 MB)
[2021.04.03-13.09.09:753][  0]LogD3D11RHI: RHI has support for 64 bit atomics
[2021.04.03-13.09.09:756][  0]LogD3D11RHI: [Aftermath] Enabled and primed
[2021.04.03-13.09.09:756][  0]LogD3D11RHI: Async texture creation enabled
[2021.04.03-13.09.09:756][  0]LogD3D11RHI: Array index from any shader is supported
[2021.04.03-13.09.09:773][  0]LogD3D11RHI: GPU Timing Frequency: 1000.000000 (Debug: 2 1)
[2021.04.03-13.09.10:060][  0]LogTargetPlatformManager: Display: Loaded TargetPlatform 'AllDesktop'
[2021.04.03-13.09.10:080][  0]LogTargetPlatformManager: Display: Loaded TargetPlatform 'Android'
[2021.04.03-13.09.10:080][  0]LogTargetPlatformManager: Display: Loaded TargetPlatform 'Android_ASTC'
[2021.04.03-13.09.10:080][  0]LogTargetPlatformManager: Display: Loaded TargetPlatform 'Android_DXT'
[2021.04.03-13.09.10:080][  0]LogTargetPlatformManager: Display: Loaded TargetPlatform 'Android_ETC2'
[2021.04.03-13.09.10:080][  0]LogTargetPlatformManager: Display: Loaded TargetPlatform 'AndroidClient'
[2021.04.03-13.09.10:080][  0]LogTargetPlatformManager: Display: Loaded TargetPlatform 'Android_ASTCClient'
[2021.04.03-13.09.10:080][  0]LogTargetPlatformManager: Display: Loaded TargetPlatform 'Android_DXTClient'
[2021.04.03-13.09.10:080][  0]LogTargetPlatformManager: Display: Loaded TargetPlatform 'Android_ETC2Client'
[2021.04.03-13.09.10:080][  0]LogTargetPlatformManager: Display: Loaded TargetPlatform 'Android_Multi'
[2021.04.03-13.09.10:080][  0]LogTargetPlatformManager: Display: Loaded TargetPlatform 'Android_MultiClient'
[2021.04.03-13.09.10:104][  0]LogTargetPlatformManager: Display: Loaded TargetPlatform 'IOSClient'
[2021.04.03-13.09.10:104][  0]LogTargetPlatformManager: Display: Loaded TargetPlatform 'IOS'
[2021.04.03-13.09.10:117][  0]LogTargetPlatformManager: Display: Loaded TargetPlatform 'Linux'
[2021.04.03-13.09.10:125][  0]LogTargetPlatformManager: Display: Loaded TargetPlatform 'LinuxNoEditor'
[2021.04.03-13.09.10:134][  0]LogTargetPlatformManager: Display: Loaded TargetPlatform 'LinuxClient'
[2021.04.03-13.09.10:145][  0]LogTargetPlatformManager: Display: Loaded TargetPlatform 'LinuxServer'
[2021.04.03-13.09.10:160][  0]LogTargetPlatformManager: Display: Loaded TargetPlatform 'LinuxAArch64NoEditor'
[2021.04.03-13.09.10:174][  0]LogTargetPlatformManager: Display: Loaded TargetPlatform 'LinuxAArch64Client'
[2021.04.03-13.09.10:189][  0]LogTargetPlatformManager: Display: Loaded TargetPlatform 'LinuxAArch64Server'
[2021.04.03-13.09.10:232][  0]LogTargetPlatformManager: Display: Loaded TargetPlatform 'Lumin'
[2021.04.03-13.09.10:232][  0]LogTargetPlatformManager: Display: Loaded TargetPlatform 'LuminClient'
[2021.04.03-13.09.10:259][  0]LogTargetPlatformManager: Display: Loaded TargetPlatform 'TVOSClient'
[2021.04.03-13.09.10:259][  0]LogTargetPlatformManager: Display: Loaded TargetPlatform 'TVOS'
[2021.04.03-13.09.10:274][  0]LogTargetPlatformManager: Display: Loaded TargetPlatform 'WindowsNoEditor'
[2021.04.03-13.09.10:288][  0]LogTargetPlatformManager: Display: Loaded TargetPlatform 'Windows'
[2021.04.03-13.09.10:303][  0]LogTargetPlatformManager: Display: Loaded TargetPlatform 'WindowsClient'
[2021.04.03-13.09.10:318][  0]LogTargetPlatformManager: Display: Loaded TargetPlatform 'WindowsServer'
[2021.04.03-13.09.10:319][  0]LogTargetPlatformManager: Display: Building Assets For Windows
[2021.04.03-13.09.10:331][  0]LogAudioDebug: Display: Lib vorbis DLL was dynamically loaded.
[2021.04.03-13.09.10:446][  0]LogShaderCompilers: Guid format shader working directory is -26 characters bigger than the processId version (../../../../../../Users/Tom/Desktop/Fordy/test_multi/test_2/transfert/Intermediate/Shaders/WorkingDirectory/97536/).
[2021.04.03-13.09.10:447][  0]LogShaderCompilers: Cleaned the shader compiler working directory 'C:/Users/Tom/AppData/Local/Temp/UnrealShaderWorkingDir/FDCAD25B450D410DB045D28BDDB6B54F/'.
[2021.04.03-13.09.10:447][  0]LogXGEController: Cannot use XGE Controller as Incredibuild is not installed on this machine.
[2021.04.03-13.09.10:447][  0]LogShaderCompilers: Cannot use XGE Shader Compiler as Incredibuild is not installed on this machine.
[2021.04.03-13.09.10:447][  0]LogShaderCompilers: Display: Using Local Shader Compiler.
[2021.04.03-13.09.11:197][  0]LogDerivedDataCache: Display: Max Cache Size: 512 MB
[2021.04.03-13.09.11:247][  0]LogDerivedDataCache: Loaded boot cache 0.05s 76MB C:/Users/Tom/AppData/Local/UnrealEngine/4.25/DerivedDataCache/Boot.ddc.
[2021.04.03-13.09.11:247][  0]LogDerivedDataCache: Display: Loaded Boot cache: C:/Users/Tom/AppData/Local/UnrealEngine/4.25/DerivedDataCache/Boot.ddc
[2021.04.03-13.09.11:248][  0]LogDerivedDataCache: FDerivedDataBackendGraph:  Pak pak cache file ../../../../../../Users/Tom/Desktop/Fordy/test_multi/test_2/transfert/DerivedDataCache/DDC.ddp not found, will not use a pak cache.
[2021.04.03-13.09.11:248][  0]LogDerivedDataCache: Unable to find inner node Pak for hierarchical cache Hierarchy.
[2021.04.03-13.09.11:248][  0]LogDerivedDataCache: FDerivedDataBackendGraph:  CompressedPak pak cache file ../../../../../../Users/Tom/Desktop/Fordy/test_multi/test_2/transfert/DerivedDataCache/Compressed.ddp not found, will not use a pak cache.
[2021.04.03-13.09.11:248][  0]LogDerivedDataCache: Unable to find inner node CompressedPak for hierarchical cache Hierarchy.
[2021.04.03-13.09.11:257][  0]LogDerivedDataCache: Display: Pak cache opened for reading ../../../Engine/DerivedDataCache/Compressed.ddp.
[2021.04.03-13.09.11:257][  0]LogDerivedDataCache: FDerivedDataBackendGraph:  EnterprisePak pak cache file ../../../Enterprise/DerivedDataCache/Compressed.ddp not found, will not use a pak cache.
[2021.04.03-13.09.11:257][  0]LogDerivedDataCache: Unable to find inner node EnterprisePak for hierarchical cache Hierarchy.
[2021.04.03-13.09.11:258][  0]LogDerivedDataCache: Using Local data cache path C:/Users/Tom/AppData/Local/UnrealEngine/Common/DerivedDataCache: Writable
[2021.04.03-13.09.11:258][  0]LogDerivedDataCache: Shared data cache path not found in *engine.ini, will not use an Shared cache.
[2021.04.03-13.09.11:258][  0]LogDerivedDataCache: Unable to find inner node Shared for hierarchical cache Hierarchy.
[2021.04.03-13.09.11:320][  0]LogSlate: Using FreeType 2.10.0
[2021.04.03-13.09.11:321][  0]LogSlate: SlateFontServices - WITH_FREETYPE: 1, WITH_HARFBUZZ: 1
[2021.04.03-13.09.11:348][  0]LogAssetRegistry: FAssetRegistry took 0.0029 seconds to start up
[2021.04.03-13.09.11:591][  0]LogInit: Selected Device Profile: [Windows]
[2021.04.03-13.09.11:711][  0]LogMeshReduction: Using QuadricMeshReduction for automatic static mesh reduction
[2021.04.03-13.09.11:711][  0]LogMeshReduction: Using SimplygonMeshReduction for automatic skeletal mesh reduction
[2021.04.03-13.09.11:711][  0]LogMeshReduction: Using ProxyLODMeshReduction for automatic mesh merging
[2021.04.03-13.09.11:711][  0]LogMeshReduction: No distributed automatic mesh merging module available
[2021.04.03-13.09.11:711][  0]LogMeshMerging: No distributed automatic mesh merging module available
[2021.04.03-13.09.11:724][  0]LogNetVersion: transfert 1.0.0, NetCL: 13144385, EngineNetVer: 14, GameNetVer: 0 (Checksum: 4077487664)
[2021.04.03-13.09.12:158][  0]LogAISub: UAISubsystem::UAISubsystem AISubsystem (000001F2F6C91980), frame # 0
[2021.04.03-13.09.12:158][  0]LogAISub: UAISubsystem::UAISubsystem AIPerceptionSystem (000001F2F6BD2AC0), frame # 0
[2021.04.03-13.09.12:159][  0]LogAISub: UAISubsystem::UAISubsystem EnvQueryManager (000001F2F6C48A00), frame # 0
[2021.04.03-13.09.12:210][  0]LogPackageLocalizationCache: Processed 19 localized package path(s) for 1 prioritized culture(s) in 0.045497 seconds
[2021.04.03-13.09.12:216][  0]LogUObjectArray: 15917 objects as part of root set at end of initial load.
[2021.04.03-13.09.12:216][  0]LogUObjectAllocator: 3965568 out of 0 bytes used by permanent object pool.
[2021.04.03-13.09.12:216][  0]LogUObjectArray: CloseDisregardForGC: 0/0 objects in disregard for GC pool
[2021.04.03-13.09.12:571][  0]LogTcpMessaging: Initializing TcpMessaging bridge
[2021.04.03-13.09.12:577][  0]LogUdpMessaging: Initializing bridge on interface 0.0.0.0:0 to multicast group 230.0.0.1:6666.
[2021.04.03-13.09.12:666][  0]SourceControl: Source control is disabled
[2021.04.03-13.09.12:666][  0]SourceControl: Source control is disabled
[2021.04.03-13.09.12:669][  0]SourceControl: Source control is disabled
[2021.04.03-13.09.12:673][  0]SourceControl: Source control is disabled
[2021.04.03-13.09.12:681][  0]SourceControl: Source control is disabled
[2021.04.03-13.09.12:940][  0]LogAndroidPermission: UAndroidPermissionCallbackProxy::GetInstance
[2021.04.03-13.09.12:965][  0]LogAudioCaptureCore: Display: No Audio Capture implementations found. Audio input will be silent.
[2021.04.03-13.09.12:965][  0]LogAudioCaptureCore: Display: No Audio Capture implementations found. Audio input will be silent.
[2021.04.03-13.09.13:022][  0]LogOcInput: OculusInput pre-init called
[2021.04.03-13.09.13:035][  0]LogWindows: Failed to load 'OVRPlugin.dll' (GetLastError=126)
[2021.04.03-13.09.13:035][  0]LogWindows: File 'OVRPlugin.dll' does not exist
[2021.04.03-13.09.13:159][  0]LogEngine: Initializing Engine...
[2021.04.03-13.09.13:161][  0]LogHMD: Failed to initialize OpenVR with code 110
[2021.04.03-13.09.13:161][  0]LogMagicLeap: Warning: VR disabled because ZI is not enabled.  To enable, in the editor, Edit -> Project Settings -> Plugins -> Magic Leap Plugin -> Enable Zero Iteration
[2021.04.03-13.09.13:162][  0]LogStats: UGameplayTagsManager::InitializeManager -  0.000 s
[2021.04.03-13.09.13:288][  0]LogInit: Initializing FReadOnlyCVARCache
[2021.04.03-13.09.13:297][  0]LogAIModule: Creating AISystem for world Untitled
[2021.04.03-13.09.13:297][  0]LogAISub: UAISubsystem::UAISubsystem EnvQueryManager (000001F2F9250800), frame # 0
[2021.04.03-13.09.13:297][  0]LogAISub: UAISubsystem::UAISubsystem AIPerceptionSystem (000001F2F9223380), frame # 0
[2021.04.03-13.09.13:315][  0]LogAudioMixer: Display: Audio Mixer Platform Settings:
[2021.04.03-13.09.13:315][  0]LogAudioMixer: Display: 	Sample Rate:						  48000
[2021.04.03-13.09.13:315][  0]LogAudioMixer: Display: 	Callback Buffer Frame Size Requested: 1024
[2021.04.03-13.09.13:315][  0]LogAudioMixer: Display: 	Callback Buffer Frame Size To Use:	  1024
[2021.04.03-13.09.13:315][  0]LogAudioMixer: Display: 	Number of buffers to queue:			  2
[2021.04.03-13.09.13:315][  0]LogAudioMixer: Display: 	Max Channels (voices):				  32
[2021.04.03-13.09.13:315][  0]LogAudioMixer: Display: 	Number of Async Source Workers:		  0
[2021.04.03-13.09.13:315][  0]LogAudio: Display: AudioDevice MaxSources: 32
[2021.04.03-13.09.13:315][  0]LogAudio: Display: Using built-in audio occlusion.
[2021.04.03-13.09.13:315][  0]LogAudioMixer: Display: Initializing audio mixer.
[2021.04.03-13.09.13:327][  0]LogAudioMixer: Display: 0: FrontLeft
[2021.04.03-13.09.13:327][  0]LogAudioMixer: Display: 1: FrontRight
[2021.04.03-13.09.13:361][  0]LogAudioMixer: Display: Using Audio Device Lautsprecher (Realtek High Definition Audio)
[2021.04.03-13.09.13:364][  0]LogAudioMixer: Display: Initializing Sound Submixes...
[2021.04.03-13.09.13:366][  0]LogAudioMixer: Display: Creating Master Submix 'MasterSubmixDefault'
[2021.04.03-13.09.13:366][  0]LogAudioMixer: Display: Creating Master Submix 'MasterReverbSubmixDefault'
[2021.04.03-13.09.13:367][  0]LogAudioMixer: Display: Creating Master Submix 'MasterEQSubmixDefault'
[2021.04.03-13.09.13:368][  0]LogInit: FAudioDevice initialized.
[2021.04.03-13.09.13:368][  0]LogNetVersion: Set ProjectVersion to 1.0.0.0. Version Checksum will be recalculated on next use.
[2021.04.03-13.09.13:523][  0]LogDerivedDataCache: Saved boot cache 0.15s 76MB C:/Users/Tom/AppData/Local/UnrealEngine/4.25/DerivedDataCache/Boot.ddc.
[2021.04.03-13.09.13:527][  0]LogInit: Texture streaming: Enabled
[2021.04.03-13.09.13:548][  0]LogEngineSessionManager: EngineSessionManager initialized
[2021.04.03-13.09.13:548][  0]LogEditorSessionSummary: Verbose: Initializing EditorSessionSummaryWriter for editor session tracking
[2021.04.03-13.09.13:555][  0]LogEditorSessionSummary: EditorSessionSummaryWriter initialized
[2021.04.03-13.09.13:606][  0]LogInit: Transaction tracking system initialized
[2021.04.03-13.09.13:632][  0]BlueprintLog: New page: Editor Load
[2021.04.03-13.09.13:717][  0]LocalizationService: Localization service is disabled
[2021.04.03-13.09.13:919][  0]LogCook: Display: Max memory allowance for cook 16384mb min free memory 0mb
[2021.04.03-13.09.13:919][  0]LogCook: Display: Mobile HDR setting 1
[2021.04.03-13.09.14:089][  0]LogFileCache: Scanning file cache for directory 'C:/Users/Tom/Desktop/Fordy/test_multi/test_2/transfert/Content/' took 0.00s
[2021.04.03-13.09.14:541][  0]SourceControl: Source control is disabled
[2021.04.03-13.09.14:541][  0]LogUnrealEdMisc: Loading editor; pre map load, took 7.071
[2021.04.03-13.09.14:541][  0]Cmd: MAP LOAD FILE="../../../../../../Users/Tom/Desktop/Fordy/test_multi/test_2/transfert/Content/StarterContent/Maps/Minimal_Default.umap" TEMPLATE=0 SHOWPROGRESS=1 FEATURELEVEL=3
[2021.04.03-13.09.14:541][  0]LogEditorServer: Warning: Can't find file '../../../../../../Users/Tom/Desktop/Fordy/test_multi/test_2/transfert/Content/StarterContent/Maps/Minimal_Default.umap'
[2021.04.03-13.09.14:541][  0]Cmd: MAP CHECKDEP NOCLEARLOG
[2021.04.03-13.09.14:541][  0]MapCheck: Map check complete: 0 Error(s), 0 Warning(s), took 0,232ms to complete.
[2021.04.03-13.09.14:541][  0]LogFileHelpers: Loading map 'Minimal_Default' took 0.001
[2021.04.03-13.09.14:544][  0]LogUnrealEdMisc: Total Editor Startup Time, took 7.074
[2021.04.03-13.09.14:694][  0]LogSlate: Updating window title bar state: overlay mode, drag disabled, window buttons hidden, title bar hidden
[2021.04.03-13.09.14:703][  0]LogSlate: Updating window title bar state: overlay mode, drag disabled, window buttons hidden, title bar hidden
[2021.04.03-13.09.14:714][  0]LogSlate: Updating window title bar state: overlay mode, drag disabled, window buttons hidden, title bar hidden
[2021.04.03-13.09.14:722][  0]LogSlate: Updating window title bar state: overlay mode, drag disabled, window buttons hidden, title bar hidden
[2021.04.03-13.09.14:732][  0]LogCollectionManager: Loaded 0 collections in 0.001822 seconds
[2021.04.03-13.09.14:748][  0]LogFileCache: Scanning file cache for directory 'C:/Users/Tom/Desktop/Fordy/test_multi/test_2/transfert/Saved/Collections/' took 0.00s
[2021.04.03-13.09.14:748][  0]LogFileCache: Scanning file cache for directory 'C:/Users/Tom/Desktop/Fordy/test_multi/test_2/transfert/Content/Developers/Tom/Collections/' took 0.00s
[2021.04.03-13.09.14:748][  0]LogFileCache: Scanning file cache for directory 'C:/Users/Tom/Desktop/Fordy/test_multi/test_2/transfert/Content/Collections/' took 0.00s
[2021.04.03-13.09.14:748][  0]LogContentBrowser: Native class hierarchy populated in 0.0095 seconds. Added 3427 classes and 821 folders.
[2021.04.03-13.09.14:751][  0]LogContentBrowser: Native class hierarchy updated for 'WidgetCarousel' in 0.0003 seconds. Added 0 classes and 0 folders.
[2021.04.03-13.09.14:844][  0]LogContentBrowser: Native class hierarchy updated for 'AddContentDialog' in 0.0004 seconds. Added 0 classes and 0 folders.
[2021.04.03-13.09.14:846][  0]LogContentBrowser: Native class hierarchy updated for 'SceneOutliner' in 0.0004 seconds. Added 2 classes and 0 folders.
[2021.04.03-13.09.14:921][  0]LogSlate: Took 0.000181 seconds to synchronously load lazily loaded font '../../../Engine/Content/Slate/Fonts/Roboto-Regular.ttf' (155K)
[2021.04.03-13.09.14:923][  0]LogSlate: Took 0.000191 seconds to synchronously load lazily loaded font '../../../Engine/Content/Slate/Fonts/Roboto-Bold.ttf' (160K)
[2021.04.03-13.09.14:930][  0]LogSlate: Took 0.000208 seconds to synchronously load lazily loaded font '../../../Engine/Content/Editor/Slate/Fonts/FontAwesome.ttf' (139K)
[2021.04.03-13.09.15:017][  0]LogRenderer: Reallocating scene render targets to support 1244x540 Format 10 NumSamples 1 (Frame:1).
[2021.04.03-13.09.15:101][  0]LogContentBrowser: Native class hierarchy updated for 'HierarchicalLODOutliner' in 0.0003 seconds. Added 0 classes and 0 folders.
[2021.04.03-13.09.15:101][  0]LogLoad: (Engine Initialization) Total time: 7.63 seconds
[2021.04.03-13.09.15:101][  0]LogLoad: (Engine Initialization) Total Blueprint compile time: 0.00 seconds
[2021.04.03-13.09.15:142][  0]LogAssetRegistry: Asset discovery search completed in 3.7950 seconds
[2021.04.03-13.09.15:145][  0]LogCollectionManager: Fixed up redirectors for 0 collections in 0.000002 seconds (updated 0 objects)
[2021.04.03-13.09.15:147][  0]LogContentStreaming: Texture pool size now 1000 MB
[2021.04.03-13.09.15:168][  0]LogSlate: Took 0.000149 seconds to synchronously load lazily loaded font '../../../Engine/Content/Slate/Fonts/Roboto-Light.ttf' (167K)
[2021.04.03-13.10.20:300][913]LogSlate: Took 0.001250 seconds to synchronously load lazily loaded font '../../../Engine/Content/Slate/Fonts/DroidSansFallback.ttf' (3848K)
[2021.04.03-13.10.47:582][651]LogEditorViewport: Clicking Background
[2021.04.03-13.10.52:703][ 14]LogSlate: Window 'Save Level As' being destroyed
[2021.04.03-13.10.54:132][150]LogEditorViewport: Clicking Background
[2021.04.03-13.10.59:123][220]LogSlate: Window 'Save Level As' being destroyed
[2021.04.03-13.10.59:133][220]LogSlate: Took 0.000181 seconds to synchronously load lazily loaded font '../../../Engine/Content/Slate/Fonts/Roboto-Light.ttf' (167K)
[2021.04.03-13.10.59:149][220]Cmd: OBJ SAVEPACKAGE PACKAGE="/Game/NewMap" FILE="../../../../../../Users/Tom/Desktop/Fordy/test_multi/test_2/transfert/Content/NewMap.umap" SILENT=true AUTOSAVING=false KEEPDIRTY=false
[2021.04.03-13.10.59:157][220]LogUObjectHash: Compacting FUObjectHashTables data took   0.59ms
[2021.04.03-13.10.59:163][220]LogSavePackage: Moving '../../../../../../Users/Tom/Desktop/Fordy/test_multi/test_2/transfert/Saved/NewMap98E0E3F343F99EE79A840DBF971C6544.tmp' to '../../../../../../Users/Tom/Desktop/Fordy/test_multi/test_2/transfert/Content/NewMap.umap'
[2021.04.03-13.10.59:181][220]LogFileHelpers: Saving map 'NewMap' took 0.052
[2021.04.03-13.10.59:183][220]AssetCheck: New page: Asset Save: NewMap
[2021.04.03-13.10.59:183][220]LogContentValidation: Display: Validating World /Game/NewMap.NewMap
[2021.04.03-13.17.13:913][834]LogWindows: Warning: CreateProc failed: Le fichier spécifié est introuvable. (0x00000002)
[2021.04.03-13.17.13:913][834]LogWindows: Warning: URL: C:/Program Files/Git/bin/git.exe version
[2021.04.03-13.17.13:914][834]LogWindows: Warning: CreateProc failed: Le fichier spécifié est introuvable. (0x00000002)
[2021.04.03-13.17.13:914][834]LogWindows: Warning: URL: C:/Program Files (x86)/Git/bin/git.exe version
[2021.04.03-13.17.13:914][834]LogWindows: Warning: CreateProc failed: Le fichier spécifié est introuvable. (0x00000002)
[2021.04.03-13.17.13:914][834]LogWindows: Warning: URL: C:\Users\Tom\AppData\Local/Programs/Git/cmd/git.exe version
[2021.04.03-13.17.13:915][834]LogWindows: Warning: CreateProc failed: Le fichier spécifié est introuvable. (0x00000002)
[2021.04.03-13.17.13:915][834]LogWindows: Warning: URL: C:/Program Files (x86)/SmartGit/git/bin/git.exe version
[2021.04.03-13.17.13:915][834]LogWindows: Warning: CreateProc failed: Le fichier spécifié est introuvable. (0x00000002)
[2021.04.03-13.17.13:915][834]LogWindows: Warning: URL: C:/Program Files (x86)/SmartGit/bin/git.exe version
[2021.04.03-13.17.13:915][834]LogWindows: Warning: CreateProc failed: Le fichier spécifié est introuvable. (0x00000002)
[2021.04.03-13.17.13:915][834]LogWindows: Warning: URL: C:\Users\Tom\AppData\Local/Atlassian/SourceTree/git_local/bin/git.exe version
[2021.04.03-13.17.13:916][834]LogWindows: Warning: CreateProc failed: Le fichier spécifié est introuvable. (0x00000002)
[2021.04.03-13.17.13:916][834]LogWindows: Warning: URL: C:/Program Files (x86)/fournova/Tower/vendor/Git/bin/git.exe version
[2021.04.03-13.17.19:511][221]SourceControl: Error: Failed to enable Git source control. You need to install Git and specify a valid path to git executable.
[2021.04.03-13.17.20:652][310]LogEditorViewport: Clicking Background
[2021.04.03-13.17.22:320][510]SourceControl: Source control is disabled
[2021.04.03-13.17.22:320][510]LogSlate: Window 'Source Control Login' being destroyed
[2021.04.03-13.34.10:503][843]LogBlueprint: Warning: [Compiler fordy_animBP] running to pull  will never be taken, please connect something to  Can Enter Transition
[2021.04.03-13.34.10:503][843]LogBlueprint: Warning: [Compiler fordy_animBP] running to push  will never be taken, please connect something to  Can Enter Transition
[2021.04.03-13.34.10:503][843]LogBlueprint: Warning: [Compiler fordy_animBP] pull to running  will never be taken, please connect something to  Can Enter Transition
[2021.04.03-13.34.10:503][843]LogBlueprint: Warning: [Compiler fordy_animBP] push to running  will never be taken, please connect something to  Can Enter Transition
[2021.04.03-13.34.10:503][843]LogBlueprint: Warning: [Compiler fordy_animBP] idle to pull  will never be taken, please connect something to  Can Enter Transition
[2021.04.03-13.34.10:503][843]LogBlueprint: Warning: [Compiler fordy_animBP] pull to idle  will never be taken, please connect something to  Can Enter Transition
[2021.04.03-13.34.10:503][843]LogBlueprint: Warning: [Compiler fordy_animBP] push to idle  will never be taken, please connect something to  Can Enter Transition
[2021.04.03-13.34.10:503][843]LogBlueprint: Warning: [Compiler fordy_animBP] running to levier  will never be taken, please connect something to  Can Enter Transition
[2021.04.03-13.34.10:503][843]LogBlueprint: Warning: [Compiler fordy_animBP] idle to levier  will never be taken, please connect something to  Can Enter Transition
[2021.04.03-13.34.10:503][843]LogBlueprint: Warning: [Compiler fordy_animBP] levier to idle  will never be taken, please connect something to  Can Enter Transition
[2021.04.03-13.34.12:186][  7]LogUObjectHash: Compacting FUObjectHashTables data took   0.61ms
[2021.04.03-13.34.13:887][  7]LogSlate: Window 'Delete Assets' being destroyed
[2021.04.03-13.34.14:324][  7]LogUObjectGlobals: Force Deleting 5 Package(s):
	Asset Name: /Game/Fordy/Fordy.Fordy
	Asset Name: /Game/Fordy/fordy_animBP.fordy_animBP
	Asset Name: /Game/Fordy/Fordy_PhysicsAsset.Fordy_PhysicsAsset
	Asset Name: /Game/Fordy/Fordy_Skeleton.Fordy_Skeleton
	Asset Name: /Game/Fordy/walkBP.walkBP
[2021.04.03-13.34.15:034][  7]LogUObjectHash: Compacting FUObjectHashTables data took   0.52ms
[2021.04.03-13.34.15:043][  7]LogUObjectHash: Compacting FUObjectHashTables data took   0.20ms
[2021.04.03-13.34.15:050][  7]LogUObjectHash: Compacting FUObjectHashTables data took   0.19ms
[2021.04.03-13.34.15:058][  7]LogUObjectHash: Compacting FUObjectHashTables data took   0.20ms
[2021.04.03-13.34.15:065][  7]LogUObjectHash: Compacting FUObjectHashTables data took   0.19ms
[2021.04.03-13.34.15:072][  7]LogUObjectHash: Compacting FUObjectHashTables data took   0.50ms
[2021.04.03-13.34.15:079][  7]LogUObjectHash: Compacting FUObjectHashTables data took   0.22ms
[2021.04.03-13.34.16:493][169]LogSlate: Prevented a slow task dialog from being summoned while a context menu was open
[2021.04.03-13.34.16:495][169]LogLinker: Warning: While loading '../../../../../../Users/Tom/Desktop/Fordy/test_multi/test_2/transfert/Content/Fordy/anim/on_wall.uasset' failed to load '/Game/Fordy/Fordy_Skeleton': Can't find file.
[2021.04.03-13.34.16:496][169]LogLinker: Warning: While loading '../../../../../../Users/Tom/Desktop/Fordy/test_multi/test_2/transfert/Content/Fordy/anim/on_wall.uasset' failed to load '/Game/Fordy/Fordy_Skeleton': Can't find file.
[2021.04.03-13.34.16:496][169]LogLinker: Warning: While loading '../../../../../../Users/Tom/Desktop/Fordy/test_multi/test_2/transfert/Content/Fordy/anim/on_wall.uasset' failed to load '/Game/Fordy/Fordy_Skeleton': Can't find file.
[2021.04.03-13.34.16:496][169]LogLinker: Warning: While loading '../../../../../../Users/Tom/Desktop/Fordy/test_multi/test_2/transfert/Content/Fordy/anim/on_wall.uasset' failed to load '/Game/Fordy/Fordy_Skeleton': Can't find file.
[2021.04.03-13.34.16:497][169]LogLinker: Warning: While loading '../../../../../../Users/Tom/Desktop/Fordy/test_multi/test_2/transfert/Content/Fordy/anim/on_wall.uasset' failed to load '/Game/Fordy/Fordy_Skeleton': Can't find file.
[2021.04.03-13.34.16:497][169]LoadErrors: Failed to load /Game/Fordy/Fordy_Skeleton.Fordy_Skeleton Referenced by on_wall
[2021.04.03-13.34.16:497][169]LogLinker: Warning: While loading '../../../../../../Users/Tom/Desktop/Fordy/test_multi/test_2/transfert/Content/Fordy/anim/on_wall.uasset' failed to load '/Game/Fordy/Fordy_Skeleton': Can't find file.
[2021.04.03-13.34.16:498][169]LogLinker: Warning: While loading '../../../../../../Users/Tom/Desktop/Fordy/test_multi/test_2/transfert/Content/Fordy/anim/shooting.uasset' failed to load '/Game/Fordy/Fordy_Skeleton': Can't find file.
[2021.04.03-13.34.16:499][169]LogLinker: Warning: While loading '../../../../../../Users/Tom/Desktop/Fordy/test_multi/test_2/transfert/Content/Fordy/anim/shooting.uasset' failed to load '/Game/Fordy/Fordy_Skeleton': Can't find file.
[2021.04.03-13.34.16:499][169]LogLinker: Warning: While loading '../../../../../../Users/Tom/Desktop/Fordy/test_multi/test_2/transfert/Content/Fordy/anim/shooting.uasset' failed to load '/Game/Fordy/Fordy_Skeleton': Can't find file.
[2021.04.03-13.34.16:499][169]LogLinker: Warning: While loading '../../../../../../Users/Tom/Desktop/Fordy/test_multi/test_2/transfert/Content/Fordy/anim/shooting.uasset' failed to load '/Game/Fordy/Fordy_Skeleton': Can't find file.
[2021.04.03-13.34.16:499][169]LogLinker: Warning: While loading '../../../../../../Users/Tom/Desktop/Fordy/test_multi/test_2/transfert/Content/Fordy/anim/shooting.uasset' failed to load '/Game/Fordy/Fordy_Skeleton': Can't find file.
[2021.04.03-13.34.16:499][169]LoadErrors: Failed to load /Game/Fordy/Fordy_Skeleton.Fordy_Skeleton Referenced by shooting
[2021.04.03-13.34.16:500][169]LogLinker: Warning: While loading '../../../../../../Users/Tom/Desktop/Fordy/test_multi/test_2/transfert/Content/Fordy/anim/shooting.uasset' failed to load '/Game/Fordy/Fordy_Skeleton': Can't find file.
[2021.04.03-13.34.16:501][169]LogLinker: Warning: While loading '../../../../../../Users/Tom/Desktop/Fordy/test_multi/test_2/transfert/Content/Fordy/anim/shooting_idle.uasset' failed to load '/Game/Fordy/Fordy_Skeleton': Can't find file.
[2021.04.03-13.34.16:501][169]LogLinker: Warning: While loading '../../../../../../Users/Tom/Desktop/Fordy/test_multi/test_2/transfert/Content/Fordy/anim/shooting_idle.uasset' failed to load '/Game/Fordy/Fordy_Skeleton': Can't find file.
[2021.04.03-13.34.16:501][169]LogLinker: Warning: While loading '../../../../../../Users/Tom/Desktop/Fordy/test_multi/test_2/transfert/Content/Fordy/anim/shooting_idle.uasset' failed to load '/Game/Fordy/Fordy_Skeleton': Can't find file.
[2021.04.03-13.34.16:501][169]LogLinker: Warning: While loading '../../../../../../Users/Tom/Desktop/Fordy/test_multi/test_2/transfert/Content/Fordy/anim/shooting_idle.uasset' failed to load '/Game/Fordy/Fordy_Skeleton': Can't find file.
[2021.04.03-13.34.16:501][169]LogLinker: Warning: While loading '../../../../../../Users/Tom/Desktop/Fordy/test_multi/test_2/transfert/Content/Fordy/anim/shooting_idle.uasset' failed to load '/Game/Fordy/Fordy_Skeleton': Can't find file.
[2021.04.03-13.34.16:501][169]LoadErrors: Failed to load /Game/Fordy/Fordy_Skeleton.Fordy_Skeleton Referenced by shooting_idle
[2021.04.03-13.34.16:502][169]LogLinker: Warning: While loading '../../../../../../Users/Tom/Desktop/Fordy/test_multi/test_2/transfert/Content/Fordy/anim/shooting_idle.uasset' failed to load '/Game/Fordy/Fordy_Skeleton': Can't find file.
[2021.04.03-13.34.16:503][169]LogLinker: Warning: While loading '../../../../../../Users/Tom/Desktop/Fordy/test_multi/test_2/transfert/Content/Fordy/anim/walking.uasset' failed to load '/Game/Fordy/Fordy_Skeleton': Can't find file.
[2021.04.03-13.34.16:503][169]LogLinker: Warning: While loading '../../../../../../Users/Tom/Desktop/Fordy/test_multi/test_2/transfert/Content/Fordy/anim/walking.uasset' failed to load '/Game/Fordy/Fordy_Skeleton': Can't find file.
[2021.04.03-13.34.16:503][169]LogLinker: Warning: While loading '../../../../../../Users/Tom/Desktop/Fordy/test_multi/test_2/transfert/Content/Fordy/anim/walking.uasset' failed to load '/Game/Fordy/Fordy_Skeleton': Can't find file.
[2021.04.03-13.34.16:504][169]LogLinker: Warning: While loading '../../../../../../Users/Tom/Desktop/Fordy/test_multi/test_2/transfert/Content/Fordy/anim/walking.uasset' failed to load '/Game/Fordy/Fordy_Skeleton': Can't find file.
[2021.04.03-13.34.16:504][169]LogLinker: Warning: While loading '../../../../../../Users/Tom/Desktop/Fordy/test_multi/test_2/transfert/Content/Fordy/anim/walking.uasset' failed to load '/Game/Fordy/Fordy_Skeleton': Can't find file.
[2021.04.03-13.34.16:504][169]LoadErrors: Failed to load /Game/Fordy/Fordy_Skeleton.Fordy_Skeleton Referenced by walking
[2021.04.03-13.34.16:504][169]LogLinker: Warning: While loading '../../../../../../Users/Tom/Desktop/Fordy/test_multi/test_2/transfert/Content/Fordy/anim/walking.uasset' failed to load '/Game/Fordy/Fordy_Skeleton': Can't find file.
[2021.04.03-13.34.16:571][169]LogUObjectHash: Compacting FUObjectHashTables data took   0.46ms
[2021.04.03-13.34.17:732][169]LogSlate: Window 'Delete Assets' being destroyed
[2021.04.03-13.34.18:279][169]LogUObjectGlobals: Force Deleting 54 Package(s):
	Asset Name: /Game/Fordy/material/Material_052.Material_052
	Asset Name: /Game/Fordy/material/eyeTextureNew2.eyeTextureNew2
	Asset Name: /Game/Fordy/material/sacoche_006.sacoche_006
	Asset Name: /Game/Fordy/material/sourcil_dweep_006.sourcil_dweep_006
	Asset Name: /Game/Fordy/textures/cFabric03_basenor.cFabric03_basenor
	Asset Name: /Game/Fordy/materials/ceinture.ceinture
	Asset Name: /Game/Fordy/textures/human_hair_dirty.human_hair_dirty
	Asset Name: /Game/Fordy/materials/cheveux_dweep.cheveux_dweep
	Asset Name: /Game/Fordy/textures/cuire_albedo_baked.cuire_albedo_baked
	Asset Name: /Game/Fordy/textures/cuire_roughness_baked.cuire_roughness_baked
[2021.04.03-13.34.18:423][169]LogMaterial: Display: Missing cached shader map for material Material_052, compiling. 
[2021.04.03-13.34.18:424][169]LogMaterial: Warning: C:\Users\Tom\Desktop\Fordy\test_multi\test_2\transfert\Content\Fordy\material\Material_052.uasset: Failed to compile Material for platform PCD3D_SM5, Default Material will be used in game.
[2021.04.03-13.34.18:424][169]LogMaterial: Display: 	(Node TextureSample) Texture Sample> Missing input texture
[2021.04.03-13.34.18:425][169]LogMaterial: Display: Missing cached shader map for material Material_052, compiling. 
[2021.04.03-13.34.18:425][169]LogMaterial: Warning: C:\Users\Tom\Desktop\Fordy\test_multi\test_2\transfert\Content\Fordy\material\Material_052.uasset: Failed to compile Material for platform PCD3D_SM5, Default Material will be used in game.
[2021.04.03-13.34.18:425][169]LogMaterial: Display: 	(Node TextureSample) Texture Sample> Missing input texture
[2021.04.03-13.34.18:427][169]LogMaterial: Display: Missing cached shader map for material ceinture, compiling. 
[2021.04.03-13.34.18:428][169]LogMaterial: Warning: C:\Users\Tom\Desktop\Fordy\test_multi\test_2\transfert\Content\Fordy\materials\ceinture.uasset: Failed to compile Material for platform PCD3D_SM5, Default Material will be used in game.
[2021.04.03-13.34.18:428][169]LogMaterial: Display: 	(Node TextureSample) Texture Sample> Missing input texture
[2021.04.03-13.34.18:429][169]LogMaterial: Display: Missing cached shader map for material cheveux_dweep, compiling. 
[2021.04.03-13.34.18:429][169]LogMaterial: Warning: C:\Users\Tom\Desktop\Fordy\test_multi\test_2\transfert\Content\Fordy\materials\cheveux_dweep.uasset: Failed to compile Material for platform PCD3D_SM5, Default Material will be used in game.
[2021.04.03-13.34.18:429][169]LogMaterial: Display: 	(Node TextureSample) Texture Sample> Missing input texture
[2021.04.03-13.34.18:430][169]LogMaterial: Display: Missing cached shader map for material MAT_spring_boots, compiling. 
[2021.04.03-13.34.18:431][169]LogMaterial: Warning: C:\Users\Tom\Desktop\Fordy\test_multi\test_2\transfert\Content\Fordy\materials\MAT_spring_boots.uasset: Failed to compile Material for platform PCD3D_SM5, Default Material will be used in game.
[2021.04.03-13.34.18:431][169]LogMaterial: Display: 	(Node TextureSampleParameter2D) Param2D> Found NULL, requires Texture2D
[2021.04.03-13.34.18:431][169]LogMaterial: Display: Missing cached shader map for material MAT_spring_boots, compiling. 
[2021.04.03-13.34.18:432][169]LogMaterial: Warning: C:\Users\Tom\Desktop\Fordy\test_multi\test_2\transfert\Content\Fordy\materials\MAT_spring_boots.uasset: Failed to compile Material for platform PCD3D_SM5, Default Material will be used in game.
[2021.04.03-13.34.18:432][169]LogMaterial: Display: 	(Node TextureSampleParameter2D) Param2D> Found NULL, requires Texture2D
[2021.04.03-13.34.18:432][169]LogMaterial: Display: Missing cached shader map for material MAT_spring_boots, compiling. 
[2021.04.03-13.34.18:433][169]LogMaterial: Warning: C:\Users\Tom\Desktop\Fordy\test_multi\test_2\transfert\Content\Fordy\materials\MAT_spring_boots.uasset: Failed to compile Material for platform PCD3D_SM5, Default Material will be used in game.
[2021.04.03-13.34.18:433][169]LogMaterial: Display: 	(Node TextureSampleParameter2D) Param2D> Found NULL, requires Texture2D
[2021.04.03-13.34.18:434][169]LogMaterial: Display: Missing cached shader map for material MAT_spring_boots, compiling. 
[2021.04.03-13.34.18:434][169]LogMaterial: Warning: C:\Users\Tom\Desktop\Fordy\test_multi\test_2\transfert\Content\Fordy\materials\MAT_spring_boots.uasset: Failed to compile Material for platform PCD3D_SM5, Default Material will be used in game.
[2021.04.03-13.34.18:434][169]LogMaterial: Display: 	(Node TextureSampleParameter2D) Param2D> Found NULL, requires Texture2D
[2021.04.03-13.34.18:435][169]LogMaterial: Display: Missing cached shader map for material Material_001, compiling. 
[2021.04.03-13.34.18:436][169]LogMaterial: Warning: C:\Users\Tom\Desktop\Fordy\test_multi\test_2\transfert\Content\Fordy\materials\Material_001.uasset: Failed to compile Material for platform PCD3D_SM5, Default Material will be used in game.
[2021.04.03-13.34.18:436][169]LogMaterial: Display: 	(Node TextureSample) Texture Sample> Missing input texture
[2021.04.03-13.34.18:436][169]LogMaterial: Display: Missing cached shader map for material Material_001, compiling. 
[2021.04.03-13.34.18:437][169]LogMaterial: Warning: C:\Users\Tom\Desktop\Fordy\test_multi\test_2\transfert\Content\Fordy\materials\Material_001.uasset: Failed to compile Material for platform PCD3D_SM5, Default Material will be used in game.
[2021.04.03-13.34.18:437][169]LogMaterial: Display: 	(Node TextureSample) Texture Sample> Missing input texture
[2021.04.03-13.34.18:438][169]LogMaterial: Display: Missing cached shader map for material Material_001, compiling. 
[2021.04.03-13.34.18:438][169]LogMaterial: Warning: C:\Users\Tom\Desktop\Fordy\test_multi\test_2\transfert\Content\Fordy\materials\Material_001.uasset: Failed to compile Material for platform PCD3D_SM5, Default Material will be used in game.
[2021.04.03-13.34.18:438][169]LogMaterial: Display: 	(Node TextureSample) Texture Sample> Missing input texture
[2021.04.03-13.34.18:440][169]LogMaterial: Display: Missing cached shader map for material Material_009, compiling. 
[2021.04.03-13.34.18:440][169]LogMaterial: Warning: C:\Users\Tom\Desktop\Fordy\test_multi\test_2\transfert\Content\Fordy\materials\Material_009.uasset: Failed to compile Material for platform PCD3D_SM5, Default Material will be used in game.
[2021.04.03-13.34.18:440][169]LogMaterial: Display: 	(Node TextureSample) Texture Sample> Missing input texture
[2021.04.03-13.34.18:441][169]LogMaterial: Display: Missing cached shader map for material Material_009, compiling. 
[2021.04.03-13.34.18:442][169]LogMaterial: Warning: C:\Users\Tom\Desktop\Fordy\test_multi\test_2\transfert\Content\Fordy\materials\Material_009.uasset: Failed to compile Material for platform PCD3D_SM5, Default Material will be used in game.
[2021.04.03-13.34.18:442][169]LogMaterial: Display: 	(Node TextureSample) Texture Sample> Missing input texture
[2021.04.03-13.34.18:443][169]LogMaterial: Display: Missing cached shader map for material backpack_metal_1, compiling. 
[2021.04.03-13.34.18:444][169]LogMaterial: Warning: C:\Users\Tom\Desktop\Fordy\test_multi\test_2\transfert\Content\Fordy\materials\backpack_metal_1.uasset: Failed to compile Material for platform PCD3D_SM5, Default Material will be used in game.
[2021.04.03-13.34.18:444][169]LogMaterial: Display: 	(Node TextureSampleParameter2D) Param2D> Found NULL, requires Texture2D
[2021.04.03-13.34.18:445][169]LogMaterial: Display: Missing cached shader map for material backpack_metal_1, compiling. 
[2021.04.03-13.34.18:445][169]LogMaterial: Warning: C:\Users\Tom\Desktop\Fordy\test_multi\test_2\transfert\Content\Fordy\materials\backpack_metal_1.uasset: Failed to compile Material for platform PCD3D_SM5, Default Material will be used in game.
[2021.04.03-13.34.18:445][169]LogMaterial: Display: 	(Node TextureSampleParameter2D) Param2D> Found NULL, requires Texture2D
[2021.04.03-13.34.18:449][169]LogMaterial: Display: Missing cached shader map for material voyant, compiling. 
[2021.04.03-13.34.18:449][169]LogMaterial: Warning: C:\Users\Tom\Desktop\Fordy\test_multi\test_2\transfert\Content\Fordy\materials\voyant.uasset: Failed to compile Material for platform PCD3D_SM5, Default Material will be used in game.
[2021.04.03-13.34.18:449][169]LogMaterial: Display: 	(Node TextureSample) Texture Sample> Missing input texture
[2021.04.03-13.34.18:450][169]LogMaterial: Display: Missing cached shader map for material voyant, compiling. 
[2021.04.03-13.34.18:450][169]LogMaterial: Warning: C:\Users\Tom\Desktop\Fordy\test_multi\test_2\transfert\Content\Fordy\materials\voyant.uasset: Failed to compile Material for platform PCD3D_SM5, Default Material will be used in game.
[2021.04.03-13.34.18:450][169]LogMaterial: Display: 	(Node TextureSample) Texture Sample> Missing input texture
[2021.04.03-13.34.18:451][169]LogMaterial: Display: Missing cached shader map for material Material_011, compiling. 
[2021.04.03-13.34.18:452][169]LogMaterial: Warning: C:\Users\Tom\Desktop\Fordy\test_multi\test_2\transfert\Content\Fordy\materials\Material_011.uasset: Failed to compile Material for platform PCD3D_SM5, Default Material will be used in game.
[2021.04.03-13.34.18:452][169]LogMaterial: Display: 	(Node TextureSample) Texture Sample> Missing input texture
[2021.04.03-13.34.18:453][169]LogMaterial: Display: Missing cached shader map for material Material_011, compiling. 
[2021.04.03-13.34.18:453][169]LogMaterial: Warning: C:\Users\Tom\Desktop\Fordy\test_multi\test_2\transfert\Content\Fordy\materials\Material_011.uasset: Failed to compile Material for platform PCD3D_SM5, Default Material will be used in game.
[2021.04.03-13.34.18:453][169]LogMaterial: Display: 	(Node TextureSample) Texture Sample> Missing input texture
[2021.04.03-13.34.21:298][169]LogUObjectHash: Compacting FUObjectHashTables data took   0.77ms
[2021.04.03-13.34.21:309][169]LogUObjectHash: Compacting FUObjectHashTables data took   0.40ms
[2021.04.03-13.34.21:316][169]LogUObjectHash: Compacting FUObjectHashTables data took   0.27ms
[2021.04.03-13.34.21:325][169]LogUObjectHash: Compacting FUObjectHashTables data took   0.28ms
[2021.04.03-13.34.21:333][169]LogUObjectHash: Compacting FUObjectHashTables data took   0.26ms
[2021.04.03-13.34.21:342][169]LogUObjectHash: Compacting FUObjectHashTables data took   0.35ms
[2021.04.03-13.34.21:356][169]LogUObjectHash: Compacting FUObjectHashTables data took   0.29ms
[2021.04.03-13.34.21:366][169]LogUObjectHash: Compacting FUObjectHashTables data took   0.28ms
[2021.04.03-13.34.21:376][169]LogUObjectHash: Compacting FUObjectHashTables data took   0.28ms
[2021.04.03-13.34.21:387][169]LogUObjectHash: Compacting FUObjectHashTables data took   0.29ms
[2021.04.03-13.34.21:396][169]LogUObjectHash: Compacting FUObjectHashTables data took   0.35ms
[2021.04.03-13.34.21:405][169]LogUObjectHash: Compacting FUObjectHashTables data took   0.61ms
[2021.04.03-13.34.21:414][169]LogUObjectHash: Compacting FUObjectHashTables data took   0.29ms
[2021.04.03-13.34.21:422][169]LogUObjectHash: Compacting FUObjectHashTables data took   0.24ms
[2021.04.03-13.34.21:430][169]LogUObjectHash: Compacting FUObjectHashTables data took   0.20ms
[2021.04.03-13.34.21:437][169]LogUObjectHash: Compacting FUObjectHashTables data took   0.19ms
[2021.04.03-13.34.21:445][169]LogUObjectHash: Compacting FUObjectHashTables data took   0.18ms
[2021.04.03-13.34.21:453][169]LogUObjectHash: Compacting FUObjectHashTables data took   0.27ms
[2021.04.03-13.34.21:460][169]LogUObjectHash: Compacting FUObjectHashTables data took   0.20ms
[2021.04.03-13.34.21:469][169]LogUObjectHash: Compacting FUObjectHashTables data took   0.23ms
[2021.04.03-13.34.21:477][169]LogUObjectHash: Compacting FUObjectHashTables data took   0.28ms
[2021.04.03-13.34.21:485][169]LogUObjectHash: Compacting FUObjectHashTables data took   0.19ms
[2021.04.03-13.34.21:505][169]LogUObjectHash: Compacting FUObjectHashTables data took   0.28ms
[2021.04.03-13.34.21:513][169]LogUObjectHash: Compacting FUObjectHashTables data took   0.49ms
[2021.04.03-13.34.21:522][169]LogUObjectHash: Compacting FUObjectHashTables data took   0.29ms
[2021.04.03-13.34.21:529][169]LogUObjectHash: Compacting FUObjectHashTables data took   0.22ms
[2021.04.03-13.34.21:536][169]LogUObjectHash: Compacting FUObjectHashTables data took   0.22ms
[2021.04.03-13.34.21:545][169]LogUObjectHash: Compacting FUObjectHashTables data took   0.43ms
[2021.04.03-13.34.21:552][169]LogUObjectHash: Compacting FUObjectHashTables data took   0.19ms
[2021.04.03-13.34.21:559][169]LogUObjectHash: Compacting FUObjectHashTables data took   0.20ms
[2021.04.03-13.34.21:567][169]LogUObjectHash: Compacting FUObjectHashTables data took   0.19ms
[2021.04.03-13.34.21:575][169]LogUObjectHash: Compacting FUObjectHashTables data took   0.23ms
[2021.04.03-13.34.21:583][169]LogUObjectHash: Compacting FUObjectHashTables data took   0.26ms
[2021.04.03-13.34.21:591][169]LogUObjectHash: Compacting FUObjectHashTables data took   0.30ms
[2021.04.03-13.34.21:598][169]LogUObjectHash: Compacting FUObjectHashTables data took   0.19ms
[2021.04.03-13.34.21:605][169]LogUObjectHash: Compacting FUObjectHashTables data took   0.24ms
[2021.04.03-13.34.21:613][169]LogUObjectHash: Compacting FUObjectHashTables data took   0.30ms
[2021.04.03-13.34.21:621][169]LogUObjectHash: Compacting FUObjectHashTables data took   0.19ms
[2021.04.03-13.34.21:628][169]LogUObjectHash: Compacting FUObjectHashTables data took   0.22ms
[2021.04.03-13.34.21:636][169]LogUObjectHash: Compacting FUObjectHashTables data took   0.21ms
[2021.04.03-13.34.21:644][169]LogUObjectHash: Compacting FUObjectHashTables data took   0.19ms
[2021.04.03-13.34.21:652][169]LogUObjectHash: Compacting FUObjectHashTables data took   0.27ms
[2021.04.03-13.34.21:659][169]LogUObjectHash: Compacting FUObjectHashTables data took   0.30ms
[2021.04.03-13.34.21:666][169]LogUObjectHash: Compacting FUObjectHashTables data took   0.20ms
[2021.04.03-13.34.21:674][169]LogUObjectHash: Compacting FUObjectHashTables data took   0.20ms
[2021.04.03-13.34.21:681][169]LogUObjectHash: Compacting FUObjectHashTables data took   0.35ms
[2021.04.03-13.34.21:689][169]LogUObjectHash: Compacting FUObjectHashTables data took   0.29ms
[2021.04.03-13.34.21:700][169]LogUObjectHash: Compacting FUObjectHashTables data took   0.21ms
[2021.04.03-13.34.21:708][169]LogUObjectHash: Compacting FUObjectHashTables data took   0.29ms
[2021.04.03-13.34.21:716][169]LogUObjectHash: Compacting FUObjectHashTables data took   0.40ms
[2021.04.03-13.34.21:724][169]LogUObjectHash: Compacting FUObjectHashTables data took   0.28ms
[2021.04.03-13.34.21:732][169]LogUObjectHash: Compacting FUObjectHashTables data took   0.18ms
[2021.04.03-13.34.21:739][169]LogUObjectHash: Compacting FUObjectHashTables data took   0.25ms
[2021.04.03-13.34.21:746][169]LogUObjectHash: Compacting FUObjectHashTables data took   0.35ms
[2021.04.03-13.34.21:755][169]LogUObjectHash: Compacting FUObjectHashTables data took   0.72ms
[2021.04.03-13.34.21:763][169]LogUObjectHash: Compacting FUObjectHashTables data took   0.20ms
[2021.04.03-13.34.30:644][177]LogLinker: Warning: While loading '../../../../../../Users/Tom/Desktop/Fordy/test_multi/test_2/transfert/Content/Fordy/Fordy_Anim_running.uasset' failed to load '/Game/Fordy/anim/running': Can't find file.
[2021.04.03-13.34.30:644][177]LogLinker: Warning: While loading '../../../../../../Users/Tom/Desktop/Fordy/test_multi/test_2/transfert/Content/Fordy/Fordy_Anim_running.uasset' failed to load '/Game/Fordy/anim/running': Can't find file.
[2021.04.03-13.34.30:644][177]LogLinker: Warning: While loading '../../../../../../Users/Tom/Desktop/Fordy/test_multi/test_2/transfert/Content/Fordy/Fordy_Anim_running.uasset' failed to load '/Game/Fordy/anim/running': Can't find file.
[2021.04.03-13.34.30:644][177]LogLinker: Warning: While loading '../../../../../../Users/Tom/Desktop/Fordy/test_multi/test_2/transfert/Content/Fordy/Fordy_Anim_running.uasset' failed to load '/Game/Fordy/anim/running': Can't find file.
[2021.04.03-13.34.30:645][177]LogLinker: Warning: While loading '../../../../../../Users/Tom/Desktop/Fordy/test_multi/test_2/transfert/Content/Fordy/Fordy_Anim_running.uasset' failed to load '/Game/Fordy/anim/running': Can't find file.
[2021.04.03-13.34.30:645][177]LoadErrors: Failed to load /Game/Fordy/anim/running.running Referenced by Fordy_Anim_running
[2021.04.03-13.34.30:645][177]LogLinker: Warning: While loading '../../../../../../Users/Tom/Desktop/Fordy/test_multi/test_2/transfert/Content/Fordy/Fordy_Anim_running.uasset' failed to load '/Game/Fordy/anim/running': Can't find file.
[2021.04.03-13.34.30:646][177]LogLinker: Warning: While loading '../../../../../../Users/Tom/Desktop/Fordy/test_multi/test_2/transfert/Content/Fordy/Fordy_Anim_idle.uasset' failed to load '/Game/Fordy/anim/idle': Can't find file.
[2021.04.03-13.34.30:646][177]LogLinker: Warning: While loading '../../../../../../Users/Tom/Desktop/Fordy/test_multi/test_2/transfert/Content/Fordy/Fordy_Anim_idle.uasset' failed to load '/Game/Fordy/anim/idle': Can't find file.
[2021.04.03-13.34.30:646][177]LogLinker: Warning: While loading '../../../../../../Users/Tom/Desktop/Fordy/test_multi/test_2/transfert/Content/Fordy/Fordy_Anim_idle.uasset' failed to load '/Game/Fordy/anim/idle': Can't find file.
[2021.04.03-13.34.30:646][177]LogLinker: Warning: While loading '../../../../../../Users/Tom/Desktop/Fordy/test_multi/test_2/transfert/Content/Fordy/Fordy_Anim_idle.uasset' failed to load '/Game/Fordy/anim/idle': Can't find file.
[2021.04.03-13.34.30:646][177]LogLinker: Warning: While loading '../../../../../../Users/Tom/Desktop/Fordy/test_multi/test_2/transfert/Content/Fordy/Fordy_Anim_idle.uasset' failed to load '/Game/Fordy/anim/idle': Can't find file.
[2021.04.03-13.34.30:646][177]LoadErrors: Failed to load /Game/Fordy/anim/idle.idle Referenced by Fordy_Anim_idle
[2021.04.03-13.34.30:647][177]LogLinker: Warning: While loading '../../../../../../Users/Tom/Desktop/Fordy/test_multi/test_2/transfert/Content/Fordy/Fordy_Anim_idle.uasset' failed to load '/Game/Fordy/anim/idle': Can't find file.
[2021.04.03-13.34.30:653][177]LogUObjectHash: Compacting FUObjectHashTables data took   0.44ms
[2021.04.03-13.34.31:886][177]LogSlate: Window 'Delete Assets' being destroyed
[2021.04.03-13.34.31:920][177]LogOutputDevice: Warning: 

Script Stack (0 frames):

[2021.04.03-13.34.32:601][177]LogStats: FPlatformStackWalk::StackWalkAndDump -  0.681 s
[2021.04.03-13.34.32:601][177]LogOutputDevice: Error: === Handled ensure: ===
[2021.04.03-13.34.32:601][177]LogOutputDevice: Error: 
[2021.04.03-13.34.32:601][177]LogOutputDevice: Error: Ensure condition failed: Found [File:D:/Build/++UE4+Licensee/Sync/Engine/Source/Runtime/CoreUObject/Private/Misc/RedirectCollector.cpp] [Line: 201]
[2021.04.03-13.34.32:601][177]LogOutputDevice: Error: Cannot remove redirection from /Game/Fordy/Fordy_Anim_running.Fordy_Anim_running, it was not registered
[2021.04.03-13.34.32:601][177]LogOutputDevice: Error: Stack: 
[2021.04.03-13.34.32:601][177]LogOutputDevice: Error: [Callstack] 0x00007ff8d698bf88 UE4Editor-CoreUObject.dll!UnknownFunction []
[2021.04.03-13.34.32:601][177]LogOutputDevice: Error: [Callstack] 0x00007ff8d65a0691 UE4Editor-CoreUObject.dll!UnknownFunction []
[2021.04.03-13.34.32:601][177]LogOutputDevice: Error: [Callstack] 0x00007ff90655d25e UE4Editor-AssetRegistry.dll!UnknownFunction []
[2021.04.03-13.34.32:602][177]LogOutputDevice: Error: [Callstack] 0x00007ff8869aa2cc UE4Editor-UnrealEd.dll!UnknownFunction []
[2021.04.03-13.34.32:602][177]LogOutputDevice: Error: [Callstack] 0x00007ff8869a9c9f UE4Editor-UnrealEd.dll!UnknownFunction []
[2021.04.03-13.34.32:602][177]LogOutputDevice: Error: [Callstack] 0x00007ff886169cf8 UE4Editor-UnrealEd.dll!UnknownFunction []
[2021.04.03-13.34.32:602][177]LogOutputDevice: Error: [Callstack] 0x00007ff8863f9dee UE4Editor-UnrealEd.dll!UnknownFunction []
[2021.04.03-13.34.32:602][177]LogOutputDevice: Error: [Callstack] 0x00007ff886406dc7 UE4Editor-UnrealEd.dll!UnknownFunction []
[2021.04.03-13.34.32:602][177]LogOutputDevice: Error: [Callstack] 0x00007ff8d53b207e UE4Editor-Slate.dll!UnknownFunction []
[2021.04.03-13.34.32:602][177]LogOutputDevice: Error: [Callstack] 0x00007ff8d53cb27e UE4Editor-Slate.dll!UnknownFunction []
[2021.04.03-13.34.32:602][177]LogOutputDevice: Error: [Callstack] 0x00007ff8d5212dc8 UE4Editor-Slate.dll!UnknownFunction []
[2021.04.03-13.34.32:602][177]LogOutputDevice: Error: [Callstack] 0x00007ff8d52969cf UE4Editor-Slate.dll!UnknownFunction []
[2021.04.03-13.34.32:602][177]LogOutputDevice: Error: [Callstack] 0x00007ff8d527f4b2 UE4Editor-Slate.dll!UnknownFunction []
[2021.04.03-13.34.32:602][177]LogOutputDevice: Error: [Callstack] 0x00007ff8d5272392 UE4Editor-Slate.dll!UnknownFunction []
[2021.04.03-13.34.32:602][177]LogOutputDevice: Error: [Callstack] 0x00007ff913e17f88 UE4Editor-ApplicationCore.dll!UnknownFunction []
[2021.04.03-13.34.32:602][177]LogOutputDevice: Error: [Callstack] 0x00007ff913e05c87 UE4Editor-ApplicationCore.dll!UnknownFunction []
[2021.04.03-13.34.32:602][177]LogOutputDevice: Error: [Callstack] 0x00007ff913e1a609 UE4Editor-ApplicationCore.dll!UnknownFunction []
[2021.04.03-13.34.32:602][177]LogOutputDevice: Error: [Callstack] 0x00007ff913e017d0 UE4Editor-ApplicationCore.dll!UnknownFunction []
[2021.04.03-13.34.32:602][177]LogOutputDevice: Error: [Callstack] 0x00007ff95e28e858 USER32.dll!UnknownFunction []
[2021.04.03-13.34.32:602][177]LogOutputDevice: Error: [Callstack] 0x00007ff95e28e299 USER32.dll!UnknownFunction []
[2021.04.03-13.34.32:602][177]LogOutputDevice: Error: [Callstack] 0x00007ff913e1b9c9 UE4Editor-ApplicationCore.dll!UnknownFunction []
[2021.04.03-13.34.32:602][177]LogOutputDevice: Error: [Callstack] 0x00007ff8d52a0d5d UE4Editor-Slate.dll!UnknownFunction []
[2021.04.03-13.34.32:602][177]LogOutputDevice: Error: [Callstack] 0x00007ff8d523bdb7 UE4Editor-Slate.dll!UnknownFunction []
[2021.04.03-13.34.32:602][177]LogOutputDevice: Error: [Callstack] 0x00007ff88649f00e UE4Editor-UnrealEd.dll!UnknownFunction []
[2021.04.03-13.34.32:602][177]LogOutputDevice: Error: [Callstack] 0x00007ff8869a94dc UE4Editor-UnrealEd.dll!UnknownFunction []
[2021.04.03-13.34.32:602][177]LogOutputDevice: Error: [Callstack] 0x00007ff881f1d838 UE4Editor-ContentBrowser.dll!UnknownFunction []
[2021.04.03-13.34.32:602][177]LogOutputDevice: Error: [Callstack] 0x00007ff88202ed59 UE4Editor-ContentBrowser.dll!UnknownFunction []
[2021.04.03-13.34.32:602][177]LogOutputDevice: Error: [Callstack] 0x00007ff882028272 UE4Editor-ContentBrowser.dll!UnknownFunction []
[2021.04.03-13.34.32:602][177]LogOutputDevice: Error: [Callstack] 0x00007ff881f87f72 UE4Editor-ContentBrowser.dll!UnknownFunction []
[2021.04.03-13.34.32:602][177]LogOutputDevice: Error: [Callstack] 0x00007ff881f26847 UE4Editor-ContentBrowser.dll!UnknownFunction []
[2021.04.03-13.34.32:602][177]LogOutputDevice: Error: [Callstack] 0x00007ff8d53b207e UE4Editor-Slate.dll!UnknownFunction []
[2021.04.03-13.34.32:602][177]LogOutputDevice: Error: [Callstack] 0x00007ff8d53cb27e UE4Editor-Slate.dll!UnknownFunction []
[2021.04.03-13.34.32:602][177]LogOutputDevice: Error: [Callstack] 0x00007ff8d5212dc8 UE4Editor-Slate.dll!UnknownFunction []
[2021.04.03-13.34.32:602][177]LogOutputDevice: Error: [Callstack] 0x00007ff8d52969cf UE4Editor-Slate.dll!UnknownFunction []
[2021.04.03-13.34.32:602][177]LogOutputDevice: Error: [Callstack] 0x00007ff8d527f4b2 UE4Editor-Slate.dll!UnknownFunction []
[2021.04.03-13.34.32:602][177]LogOutputDevice: Error: [Callstack] 0x00007ff8d5272392 UE4Editor-Slate.dll!UnknownFunction []
[2021.04.03-13.34.32:602][177]LogOutputDevice: Error: [Callstack] 0x00007ff913e17f88 UE4Editor-ApplicationCore.dll!UnknownFunction []
[2021.04.03-13.34.32:602][177]LogOutputDevice: Error: [Callstack] 0x00007ff913e05c87 UE4Editor-ApplicationCore.dll!UnknownFunction []
[2021.04.03-13.34.32:602][177]LogOutputDevice: Error: [Callstack] 0x00007ff913e1a609 UE4Editor-ApplicationCore.dll!UnknownFunction []
[2021.04.03-13.34.32:602][177]LogOutputDevice: Error: [Callstack] 0x00007ff913e017d0 UE4Editor-ApplicationCore.dll!UnknownFunction []
[2021.04.03-13.34.32:602][177]LogOutputDevice: Error: [Callstack] 0x00007ff95e28e858 USER32.dll!UnknownFunction []
[2021.04.03-13.34.32:602][177]LogOutputDevice: Error: [Callstack] 0x00007ff95e28e299 USER32.dll!UnknownFunction []
[2021.04.03-13.34.32:602][177]LogOutputDevice: Error: [Callstack] 0x00007ff913e1bb24 UE4Editor-ApplicationCore.dll!UnknownFunction []
[2021.04.03-13.34.32:602][177]LogOutputDevice: Error: [Callstack] 0x00007ff7403868c4 UE4Editor.exe!UnknownFunction []
[2021.04.03-13.34.32:602][177]LogOutputDevice: Error: [Callstack] 0x00007ff74039ba7c UE4Editor.exe!UnknownFunction []
[2021.04.03-13.34.32:602][177]LogOutputDevice: Error: [Callstack] 0x00007ff74039bb5a UE4Editor.exe!UnknownFunction []
[2021.04.03-13.34.32:602][177]LogOutputDevice: Error: [Callstack] 0x00007ff7403ae31d UE4Editor.exe!UnknownFunction []
[2021.04.03-13.34.32:602][177]LogOutputDevice: Error: [Callstack] 0x00007ff7403b145a UE4Editor.exe!UnknownFunction []
[2021.04.03-13.34.32:602][177]LogOutputDevice: Error: [Callstack] 0x00007ff95e037034 KERNEL32.DLL!UnknownFunction []
[2021.04.03-13.34.32:602][177]LogOutputDevice: Error: [Callstack] 0x00007ff95fd42651 ntdll.dll!UnknownFunction []
[2021.04.03-13.34.32:602][177]LogOutputDevice: Error: 
[2021.04.03-13.34.32:610][177]LogStats:                SubmitErrorReport -  0.000 s
[2021.04.03-13.34.34:404][177]LogStats:                    SendNewReport -  1.794 s
[2021.04.03-13.34.34:404][177]LogStats:             FDebug::EnsureFailed -  2.484 s
[2021.04.03-13.34.34:478][177]LogUObjectHash: Compacting FUObjectHashTables data took   0.74ms
[2021.04.03-13.34.34:485][177]LogUObjectHash: Compacting FUObjectHashTables data took   0.34ms
[2021.04.03-13.34.34:501][177]LogUObjectHash: Compacting FUObjectHashTables data took   0.18ms
[2021.04.03-13.34.34:509][177]LogUObjectHash: Compacting FUObjectHashTables data took   0.28ms
[2021.04.03-13.40.18:207][170]Cmd: OBJ SAVEPACKAGE PACKAGE="/Game/NewMap" FILE="../../../../../../Users/Tom/Desktop/Fordy/test_multi/test_2/transfert/Content/NewMap.umap" SILENT=true AUTOSAVING=false KEEPDIRTY=false
[2021.04.03-13.40.18:216][170]LogUObjectHash: Compacting FUObjectHashTables data took   0.40ms
[2021.04.03-13.40.18:223][170]LogSavePackage: Moving '../../../../../../Users/Tom/Desktop/Fordy/test_multi/test_2/transfert/Saved/NewMapB471F40E4A72BA825AC83683510002CA.tmp' to '../../../../../../Users/Tom/Desktop/Fordy/test_multi/test_2/transfert/Content/NewMap.umap'
[2021.04.03-13.40.18:244][170]AssetCheck: New page: Asset Save: NewMap
[2021.04.03-13.40.18:244][170]LogContentValidation: Display: Validating World /Game/NewMap.NewMap
